2020-03-07 16:36:27,481 DEBUG: ['Sheet', '2020-03-07 16-36-24']
2020-03-07 16:36:29,950 DEBUG: ['Sheet', '2020-03-07 16-36-24']
2020-03-07 17:33:17,805 DEBUG: ['Sheet', '2020-03-07 16-36-24', '2020-03-07 17-33-14']
2020-03-07 17:33:20,335 DEBUG: ['Sheet', '2020-03-07 16-36-24', '2020-03-07 17-33-14']
2020-03-07 17:48:09,607 DEBUG: ['Sheet', '2020-03-07 16-36-24', '2020-03-07 17-33-14', '2020-03-07 17-48-06']
2020-03-07 17:48:12,000 DEBUG: ['Sheet', '2020-03-07 16-36-24', '2020-03-07 17-33-14', '2020-03-07 17-48-06']
2020-03-07 17:56:30,369 DEBUG: ['Sheet', '2020-03-07 16-36-24', '2020-03-07 17-33-14', '2020-03-07 17-48-06', '2020-03-07 17-56-27']
2020-03-07 17:56:32,803 DEBUG: ['Sheet', '2020-03-07 16-36-24', '2020-03-07 17-33-14', '2020-03-07 17-48-06', '2020-03-07 17-56-27']
2020-03-07 17:57:21,804 DEBUG: ['Sheet', '2020-03-07 16-36-24', '2020-03-07 17-33-14', '2020-03-07 17-48-06', '2020-03-07 17-56-27', '2020-03-07 17-57-18']
2020-03-07 17:57:24,239 DEBUG: ['Sheet', '2020-03-07 16-36-24', '2020-03-07 17-33-14', '2020-03-07 17-48-06', '2020-03-07 17-56-27', '2020-03-07 17-57-18']
2020-03-07 17:58:38,339 DEBUG: ['Sheet', '2020-03-07 16-36-24', '2020-03-07 17-33-14', '2020-03-07 17-48-06', '2020-03-07 17-56-27', '2020-03-07 17-57-18', '2020-03-07 17-58-35']
2020-03-07 17:58:40,823 DEBUG: ['Sheet', '2020-03-07 16-36-24', '2020-03-07 17-33-14', '2020-03-07 17-48-06', '2020-03-07 17-56-27', '2020-03-07 17-57-18', '2020-03-07 17-58-35']
2020-03-07 18:01:16,189 DEBUG: ['Sheet', '2020-03-07 16-36-24', '2020-03-07 17-33-14', '2020-03-07 17-48-06', '2020-03-07 17-56-27', '2020-03-07 17-57-18', '2020-03-07 17-58-35', '2020-03-07 18-01-12']
2020-03-07 18:01:18,738 DEBUG: ['Sheet', '2020-03-07 16-36-24', '2020-03-07 17-33-14', '2020-03-07 17-48-06', '2020-03-07 17-56-27', '2020-03-07 17-57-18', '2020-03-07 17-58-35', '2020-03-07 18-01-12']
2020-03-07 18:02:04,614 DEBUG: ['Sheet', '2020-03-07 16-36-24', '2020-03-07 17-33-14', '2020-03-07 17-48-06', '2020-03-07 17-56-27', '2020-03-07 17-57-18', '2020-03-07 17-58-35', '2020-03-07 18-01-12', '2020-03-07 18-02-01']
2020-03-07 18:02:07,060 DEBUG: ['Sheet', '2020-03-07 16-36-24', '2020-03-07 17-33-14', '2020-03-07 17-48-06', '2020-03-07 17-56-27', '2020-03-07 17-57-18', '2020-03-07 17-58-35', '2020-03-07 18-01-12', '2020-03-07 18-02-01']
2020-03-07 18:04:53,635 DEBUG: ['Sheet', '2020-03-07 16-36-24', '2020-03-07 17-33-14', '2020-03-07 17-48-06', '2020-03-07 17-56-27', '2020-03-07 17-57-18', '2020-03-07 17-58-35', '2020-03-07 18-01-12', '2020-03-07 18-02-01', '2020-03-07 18-04-50']
2020-03-07 18:04:56,166 DEBUG: ['Sheet', '2020-03-07 16-36-24', '2020-03-07 17-33-14', '2020-03-07 17-48-06', '2020-03-07 17-56-27', '2020-03-07 17-57-18', '2020-03-07 17-58-35', '2020-03-07 18-01-12', '2020-03-07 18-02-01', '2020-03-07 18-04-50']
2020-03-07 18:05:45,435 DEBUG: ['Sheet', '2020-03-07 16-36-24', '2020-03-07 17-33-14', '2020-03-07 17-48-06', '2020-03-07 17-56-27', '2020-03-07 17-57-18', '2020-03-07 17-58-35', '2020-03-07 18-01-12', '2020-03-07 18-02-01', '2020-03-07 18-04-50', '2020-03-07 18-05-42']
2020-03-07 18:05:47,954 DEBUG: ['Sheet', '2020-03-07 16-36-24', '2020-03-07 17-33-14', '2020-03-07 17-48-06', '2020-03-07 17-56-27', '2020-03-07 17-57-18', '2020-03-07 17-58-35', '2020-03-07 18-01-12', '2020-03-07 18-02-01', '2020-03-07 18-04-50', '2020-03-07 18-05-42']
2020-03-07 18:07:28,446 DEBUG: ['Sheet', '2020-03-07 16-36-24', '2020-03-07 17-33-14', '2020-03-07 17-48-06', '2020-03-07 17-56-27', '2020-03-07 17-57-18', '2020-03-07 17-58-35', '2020-03-07 18-01-12', '2020-03-07 18-02-01', '2020-03-07 18-04-50', '2020-03-07 18-05-42', '2020-03-07 18-07-25']
2020-03-07 18:07:30,996 DEBUG: ['Sheet', '2020-03-07 16-36-24', '2020-03-07 17-33-14', '2020-03-07 17-48-06', '2020-03-07 17-56-27', '2020-03-07 17-57-18', '2020-03-07 17-58-35', '2020-03-07 18-01-12', '2020-03-07 18-02-01', '2020-03-07 18-04-50', '2020-03-07 18-05-42', '2020-03-07 18-07-25']
2020-03-07 18:15:59,371 DEBUG: ['Sheet', '2020-03-07 16-36-24', '2020-03-07 17-33-14', '2020-03-07 17-48-06', '2020-03-07 17-56-27', '2020-03-07 17-57-18', '2020-03-07 17-58-35', '2020-03-07 18-01-12', '2020-03-07 18-02-01', '2020-03-07 18-04-50', '2020-03-07 18-05-42', '2020-03-07 18-07-25', '2020-03-07 18-15-55']
2020-03-07 18:16:01,928 DEBUG: ['Sheet', '2020-03-07 16-36-24', '2020-03-07 17-33-14', '2020-03-07 17-48-06', '2020-03-07 17-56-27', '2020-03-07 17-57-18', '2020-03-07 17-58-35', '2020-03-07 18-01-12', '2020-03-07 18-02-01', '2020-03-07 18-04-50', '2020-03-07 18-05-42', '2020-03-07 18-07-25', '2020-03-07 18-15-55']
2020-03-07 18:20:08,888 DEBUG: ['Sheet', '2020-03-07 16-36-24', '2020-03-07 17-33-14', '2020-03-07 17-48-06', '2020-03-07 17-56-27', '2020-03-07 17-57-18', '2020-03-07 17-58-35', '2020-03-07 18-01-12', '2020-03-07 18-02-01', '2020-03-07 18-04-50', '2020-03-07 18-05-42', '2020-03-07 18-07-25', '2020-03-07 18-15-55', '2020-03-07 18-20-05']
2020-03-07 18:20:11,466 DEBUG: ['Sheet', '2020-03-07 16-36-24', '2020-03-07 17-33-14', '2020-03-07 17-48-06', '2020-03-07 17-56-27', '2020-03-07 17-57-18', '2020-03-07 17-58-35', '2020-03-07 18-01-12', '2020-03-07 18-02-01', '2020-03-07 18-04-50', '2020-03-07 18-05-42', '2020-03-07 18-07-25', '2020-03-07 18-15-55', '2020-03-07 18-20-05']
2020-03-07 18:28:37,217 DEBUG: ['Sheet', '2020-03-07 16-36-24', '2020-03-07 17-33-14', '2020-03-07 17-48-06', '2020-03-07 17-56-27', '2020-03-07 17-57-18', '2020-03-07 17-58-35', '2020-03-07 18-01-12', '2020-03-07 18-02-01', '2020-03-07 18-04-50', '2020-03-07 18-05-42', '2020-03-07 18-07-25', '2020-03-07 18-15-55', '2020-03-07 18-20-05', '2020-03-07 18-28-33']
2020-03-07 18:28:39,806 DEBUG: ['Sheet', '2020-03-07 16-36-24', '2020-03-07 17-33-14', '2020-03-07 17-48-06', '2020-03-07 17-56-27', '2020-03-07 17-57-18', '2020-03-07 17-58-35', '2020-03-07 18-01-12', '2020-03-07 18-02-01', '2020-03-07 18-04-50', '2020-03-07 18-05-42', '2020-03-07 18-07-25', '2020-03-07 18-15-55', '2020-03-07 18-20-05', '2020-03-07 18-28-33']
2020-03-19 11:04:01,604 DEBUG: ['Sheet', '2020-03-07 16-36-24', '2020-03-07 17-33-14', '2020-03-07 17-48-06', '2020-03-07 17-56-27', '2020-03-07 17-57-18', '2020-03-07 17-58-35', '2020-03-07 18-01-12', '2020-03-07 18-02-01', '2020-03-07 18-04-50', '2020-03-07 18-05-42', '2020-03-07 18-07-25', '2020-03-07 18-15-55', '2020-03-07 18-20-05', '2020-03-07 18-28-33', '2020-03-19 11-03-58']
2020-03-19 11:04:04,181 DEBUG: ['Sheet', '2020-03-07 16-36-24', '2020-03-07 17-33-14', '2020-03-07 17-48-06', '2020-03-07 17-56-27', '2020-03-07 17-57-18', '2020-03-07 17-58-35', '2020-03-07 18-01-12', '2020-03-07 18-02-01', '2020-03-07 18-04-50', '2020-03-07 18-05-42', '2020-03-07 18-07-25', '2020-03-07 18-15-55', '2020-03-07 18-20-05', '2020-03-07 18-28-33', '2020-03-19 11-03-58']
2020-03-19 11:04:06,702 DEBUG: ['Sheet', '2020-03-07 16-36-24', '2020-03-07 17-33-14', '2020-03-07 17-48-06', '2020-03-07 17-56-27', '2020-03-07 17-57-18', '2020-03-07 17-58-35', '2020-03-07 18-01-12', '2020-03-07 18-02-01', '2020-03-07 18-04-50', '2020-03-07 18-05-42', '2020-03-07 18-07-25', '2020-03-07 18-15-55', '2020-03-07 18-20-05', '2020-03-07 18-28-33', '2020-03-19 11-03-58']
2020-03-19 11:04:09,284 DEBUG: ['Sheet', '2020-03-07 16-36-24', '2020-03-07 17-33-14', '2020-03-07 17-48-06', '2020-03-07 17-56-27', '2020-03-07 17-57-18', '2020-03-07 17-58-35', '2020-03-07 18-01-12', '2020-03-07 18-02-01', '2020-03-07 18-04-50', '2020-03-07 18-05-42', '2020-03-07 18-07-25', '2020-03-07 18-15-55', '2020-03-07 18-20-05', '2020-03-07 18-28-33', '2020-03-19 11-03-58']
2020-03-19 11:04:12,574 DEBUG: ['Sheet', '2020-03-07 16-36-24', '2020-03-07 17-33-14', '2020-03-07 17-48-06', '2020-03-07 17-56-27', '2020-03-07 17-57-18', '2020-03-07 17-58-35', '2020-03-07 18-01-12', '2020-03-07 18-02-01', '2020-03-07 18-04-50', '2020-03-07 18-05-42', '2020-03-07 18-07-25', '2020-03-07 18-15-55', '2020-03-07 18-20-05', '2020-03-07 18-28-33', '2020-03-19 11-03-58']
2020-03-19 11:07:21,737 DEBUG: ['Sheet', '2020-03-19 11-07-19']
2020-03-19 11:07:24,147 DEBUG: ['Sheet', '2020-03-19 11-07-19']
2020-03-19 11:07:26,698 DEBUG: ['Sheet', '2020-03-19 11-07-19']
2020-03-19 11:07:29,090 DEBUG: ['Sheet', '2020-03-19 11-07-19']
2020-03-19 11:07:32,200 DEBUG: ['Sheet', '2020-03-19 11-07-19']
2020-03-19 11:07:35,313 DEBUG: ['Sheet', '2020-03-19 11-07-19']
2020-03-19 14:57:04,235 DEBUG: ['Sheet', '2020-03-19 11-07-19', '2020-03-19 14-45-40', '2020-03-19 14-48-02', '2020-03-19 14-50-21']
2020-03-19 14:57:49,823 DEBUG: ['Sheet', '2020-03-19 11-07-19', '2020-03-19 14-45-40', '2020-03-19 14-48-02', '2020-03-19 14-50-21', '2020-03-19 14-57-46']
2020-03-19 14:57:52,332 DEBUG: ['Sheet', '2020-03-19 11-07-19', '2020-03-19 14-45-40', '2020-03-19 14-48-02', '2020-03-19 14-50-21', '2020-03-19 14-57-46']
2020-03-19 14:57:54,744 DEBUG: ['Sheet', '2020-03-19 11-07-19', '2020-03-19 14-45-40', '2020-03-19 14-48-02', '2020-03-19 14-50-21', '2020-03-19 14-57-46']
2020-03-19 14:57:57,940 DEBUG: ['Sheet', '2020-03-19 11-07-19', '2020-03-19 14-45-40', '2020-03-19 14-48-02', '2020-03-19 14-50-21', '2020-03-19 14-57-46']
2020-03-19 14:58:01,091 DEBUG: ['Sheet', '2020-03-19 11-07-19', '2020-03-19 14-45-40', '2020-03-19 14-48-02', '2020-03-19 14-50-21', '2020-03-19 14-57-46']
2020-03-19 14:58:06,190 DEBUG: ['Sheet', '2020-03-19 11-07-19', '2020-03-19 14-45-40', '2020-03-19 14-48-02', '2020-03-19 14-50-21', '2020-03-19 14-57-46']
2020-03-19 14:58:09,429 DEBUG: ['Sheet', '2020-03-19 11-07-19', '2020-03-19 14-45-40', '2020-03-19 14-48-02', '2020-03-19 14-50-21', '2020-03-19 14-57-46']
2020-03-19 14:58:12,731 DEBUG: ['Sheet', '2020-03-19 11-07-19', '2020-03-19 14-45-40', '2020-03-19 14-48-02', '2020-03-19 14-50-21', '2020-03-19 14-57-46']
2020-03-19 14:58:15,138 DEBUG: ['Sheet', '2020-03-19 11-07-19', '2020-03-19 14-45-40', '2020-03-19 14-48-02', '2020-03-19 14-50-21', '2020-03-19 14-57-46']
2020-03-19 15:00:25,961 DEBUG: ['Sheet', '2020-03-19 11-07-19', '2020-03-19 14-45-40', '2020-03-19 14-48-02', '2020-03-19 14-50-21', '2020-03-19 14-57-46', '2020-03-19 15-00-22']
2020-03-19 15:00:28,448 DEBUG: ['Sheet', '2020-03-19 11-07-19', '2020-03-19 14-45-40', '2020-03-19 14-48-02', '2020-03-19 14-50-21', '2020-03-19 14-57-46', '2020-03-19 15-00-22']
2020-03-19 15:00:30,875 DEBUG: ['Sheet', '2020-03-19 11-07-19', '2020-03-19 14-45-40', '2020-03-19 14-48-02', '2020-03-19 14-50-21', '2020-03-19 14-57-46', '2020-03-19 15-00-22']
2020-03-19 15:00:33,339 DEBUG: ['Sheet', '2020-03-19 11-07-19', '2020-03-19 14-45-40', '2020-03-19 14-48-02', '2020-03-19 14-50-21', '2020-03-19 14-57-46', '2020-03-19 15-00-22']
2020-03-19 15:00:36,604 DEBUG: ['Sheet', '2020-03-19 11-07-19', '2020-03-19 14-45-40', '2020-03-19 14-48-02', '2020-03-19 14-50-21', '2020-03-19 14-57-46', '2020-03-19 15-00-22']
2020-03-19 15:00:39,689 DEBUG: ['Sheet', '2020-03-19 11-07-19', '2020-03-19 14-45-40', '2020-03-19 14-48-02', '2020-03-19 14-50-21', '2020-03-19 14-57-46', '2020-03-19 15-00-22']
2020-03-19 15:00:44,820 DEBUG: ['Sheet', '2020-03-19 11-07-19', '2020-03-19 14-45-40', '2020-03-19 14-48-02', '2020-03-19 14-50-21', '2020-03-19 14-57-46', '2020-03-19 15-00-22']
2020-03-19 15:00:48,254 DEBUG: ['Sheet', '2020-03-19 11-07-19', '2020-03-19 14-45-40', '2020-03-19 14-48-02', '2020-03-19 14-50-21', '2020-03-19 14-57-46', '2020-03-19 15-00-22']
2020-03-19 15:00:51,621 DEBUG: ['Sheet', '2020-03-19 11-07-19', '2020-03-19 14-45-40', '2020-03-19 14-48-02', '2020-03-19 14-50-21', '2020-03-19 14-57-46', '2020-03-19 15-00-22']
2020-03-19 15:00:54,071 DEBUG: ['Sheet', '2020-03-19 11-07-19', '2020-03-19 14-45-40', '2020-03-19 14-48-02', '2020-03-19 14-50-21', '2020-03-19 14-57-46', '2020-03-19 15-00-22']
2020-03-20 17:55:36,612 DEBUG: ['Sheet', '2020-03-19 11-07-19', '2020-03-19 14-45-40', '2020-03-19 14-48-02', '2020-03-19 14-50-21', '2020-03-19 14-57-46', '2020-03-19 15-00-22', '2020-03-20 17-55-32']
2020-03-20 17:55:39,062 DEBUG: ['Sheet', '2020-03-19 11-07-19', '2020-03-19 14-45-40', '2020-03-19 14-48-02', '2020-03-19 14-50-21', '2020-03-19 14-57-46', '2020-03-19 15-00-22', '2020-03-20 17-55-32']
2020-03-20 17:55:41,497 DEBUG: ['Sheet', '2020-03-19 11-07-19', '2020-03-19 14-45-40', '2020-03-19 14-48-02', '2020-03-19 14-50-21', '2020-03-19 14-57-46', '2020-03-19 15-00-22', '2020-03-20 17-55-32']
2020-03-20 17:55:43,991 DEBUG: ['Sheet', '2020-03-19 11-07-19', '2020-03-19 14-45-40', '2020-03-19 14-48-02', '2020-03-19 14-50-21', '2020-03-19 14-57-46', '2020-03-19 15-00-22', '2020-03-20 17-55-32']
2020-03-20 17:55:46,995 DEBUG: ['Sheet', '2020-03-19 11-07-19', '2020-03-19 14-45-40', '2020-03-19 14-48-02', '2020-03-19 14-50-21', '2020-03-19 14-57-46', '2020-03-19 15-00-22', '2020-03-20 17-55-32']
2020-03-20 17:55:50,426 DEBUG: ['Sheet', '2020-03-19 11-07-19', '2020-03-19 14-45-40', '2020-03-19 14-48-02', '2020-03-19 14-50-21', '2020-03-19 14-57-46', '2020-03-19 15-00-22', '2020-03-20 17-55-32']
2020-03-20 17:55:56,052 DEBUG: ['Sheet', '2020-03-19 11-07-19', '2020-03-19 14-45-40', '2020-03-19 14-48-02', '2020-03-19 14-50-21', '2020-03-19 14-57-46', '2020-03-19 15-00-22', '2020-03-20 17-55-32']
2020-03-20 17:55:59,325 DEBUG: ['Sheet', '2020-03-19 11-07-19', '2020-03-19 14-45-40', '2020-03-19 14-48-02', '2020-03-19 14-50-21', '2020-03-19 14-57-46', '2020-03-19 15-00-22', '2020-03-20 17-55-32']
2020-03-20 17:56:02,656 DEBUG: ['Sheet', '2020-03-19 11-07-19', '2020-03-19 14-45-40', '2020-03-19 14-48-02', '2020-03-19 14-50-21', '2020-03-19 14-57-46', '2020-03-19 15-00-22', '2020-03-20 17-55-32']
2020-03-20 17:56:05,086 DEBUG: ['Sheet', '2020-03-19 11-07-19', '2020-03-19 14-45-40', '2020-03-19 14-48-02', '2020-03-19 14-50-21', '2020-03-19 14-57-46', '2020-03-19 15-00-22', '2020-03-20 17-55-32']
2020-03-20 17:56:07,486 DEBUG: ['Sheet', '2020-03-19 11-07-19', '2020-03-19 14-45-40', '2020-03-19 14-48-02', '2020-03-19 14-50-21', '2020-03-19 14-57-46', '2020-03-19 15-00-22', '2020-03-20 17-55-32']
2020-03-20 17:56:10,420 DEBUG: ['Sheet', '2020-03-19 11-07-19', '2020-03-19 14-45-40', '2020-03-19 14-48-02', '2020-03-19 14-50-21', '2020-03-19 14-57-46', '2020-03-19 15-00-22', '2020-03-20 17-55-32']
2020-03-20 17:56:18,629 DEBUG: ['Sheet', '2020-03-19 11-07-19', '2020-03-19 14-45-40', '2020-03-19 14-48-02', '2020-03-19 14-50-21', '2020-03-19 14-57-46', '2020-03-19 15-00-22', '2020-03-20 17-55-32']
2020-03-20 17:56:27,408 DEBUG: ['Sheet', '2020-03-19 11-07-19', '2020-03-19 14-45-40', '2020-03-19 14-48-02', '2020-03-19 14-50-21', '2020-03-19 14-57-46', '2020-03-19 15-00-22', '2020-03-20 17-55-32']
2020-03-20 17:56:31,679 DEBUG: ['Sheet', '2020-03-19 11-07-19', '2020-03-19 14-45-40', '2020-03-19 14-48-02', '2020-03-19 14-50-21', '2020-03-19 14-57-46', '2020-03-19 15-00-22', '2020-03-20 17-55-32']
2020-03-20 17:56:35,830 DEBUG: ['Sheet', '2020-03-19 11-07-19', '2020-03-19 14-45-40', '2020-03-19 14-48-02', '2020-03-19 14-50-21', '2020-03-19 14-57-46', '2020-03-19 15-00-22', '2020-03-20 17-55-32']
2020-03-20 17:56:38,697 DEBUG: ['Sheet', '2020-03-19 11-07-19', '2020-03-19 14-45-40', '2020-03-19 14-48-02', '2020-03-19 14-50-21', '2020-03-19 14-57-46', '2020-03-19 15-00-22', '2020-03-20 17-55-32']
2020-03-20 17:56:41,579 DEBUG: ['Sheet', '2020-03-19 11-07-19', '2020-03-19 14-45-40', '2020-03-19 14-48-02', '2020-03-19 14-50-21', '2020-03-19 14-57-46', '2020-03-19 15-00-22', '2020-03-20 17-55-32']
2020-03-20 17:56:44,324 DEBUG: ['Sheet', '2020-03-19 11-07-19', '2020-03-19 14-45-40', '2020-03-19 14-48-02', '2020-03-19 14-50-21', '2020-03-19 14-57-46', '2020-03-19 15-00-22', '2020-03-20 17-55-32']
2020-03-20 17:56:46,533 DEBUG: ['Sheet', '2020-03-19 11-07-19', '2020-03-19 14-45-40', '2020-03-19 14-48-02', '2020-03-19 14-50-21', '2020-03-19 14-57-46', '2020-03-19 15-00-22', '2020-03-20 17-55-32']
2020-03-20 17:56:48,907 DEBUG: ['Sheet', '2020-03-19 11-07-19', '2020-03-19 14-45-40', '2020-03-19 14-48-02', '2020-03-19 14-50-21', '2020-03-19 14-57-46', '2020-03-19 15-00-22', '2020-03-20 17-55-32']
2020-03-20 17:56:51,267 DEBUG: ['Sheet', '2020-03-19 11-07-19', '2020-03-19 14-45-40', '2020-03-19 14-48-02', '2020-03-19 14-50-21', '2020-03-19 14-57-46', '2020-03-19 15-00-22', '2020-03-20 17-55-32']
2020-03-20 17:56:53,721 DEBUG: ['Sheet', '2020-03-19 11-07-19', '2020-03-19 14-45-40', '2020-03-19 14-48-02', '2020-03-19 14-50-21', '2020-03-19 14-57-46', '2020-03-19 15-00-22', '2020-03-20 17-55-32']
2020-03-20 17:56:58,979 DEBUG: ['Sheet', '2020-03-19 11-07-19', '2020-03-19 14-45-40', '2020-03-19 14-48-02', '2020-03-19 14-50-21', '2020-03-19 14-57-46', '2020-03-19 15-00-22', '2020-03-20 17-55-32']
2020-03-20 17:57:01,533 DEBUG: ['Sheet', '2020-03-19 11-07-19', '2020-03-19 14-45-40', '2020-03-19 14-48-02', '2020-03-19 14-50-21', '2020-03-19 14-57-46', '2020-03-19 15-00-22', '2020-03-20 17-55-32']
2020-03-20 17:57:03,753 DEBUG: ['Sheet', '2020-03-19 11-07-19', '2020-03-19 14-45-40', '2020-03-19 14-48-02', '2020-03-19 14-50-21', '2020-03-19 14-57-46', '2020-03-19 15-00-22', '2020-03-20 17-55-32']
2020-03-20 17:57:06,605 DEBUG: ['Sheet', '2020-03-19 11-07-19', '2020-03-19 14-45-40', '2020-03-19 14-48-02', '2020-03-19 14-50-21', '2020-03-19 14-57-46', '2020-03-19 15-00-22', '2020-03-20 17-55-32']
2020-03-20 17:57:10,407 DEBUG: ['Sheet', '2020-03-19 11-07-19', '2020-03-19 14-45-40', '2020-03-19 14-48-02', '2020-03-19 14-50-21', '2020-03-19 14-57-46', '2020-03-19 15-00-22', '2020-03-20 17-55-32']
2020-03-20 17:58:40,556 DEBUG: ['Sheet', '2020-03-19 11-07-19', '2020-03-19 14-45-40', '2020-03-19 14-48-02', '2020-03-19 14-50-21', '2020-03-19 14-57-46', '2020-03-19 15-00-22', '2020-03-20 17-55-32']
2020-03-21 10:25:13,645 DEBUG: ['Sheet', '2020-03-19 11-07-19', '2020-03-19 14-45-40', '2020-03-19 14-48-02', '2020-03-19 14-50-21', '2020-03-19 14-57-46', '2020-03-19 15-00-22', '2020-03-20 17-55-32']
2020-03-21 10:29:35,535 DEBUG: ['Sheet', '2020-03-19 11-07-19', '2020-03-19 14-45-40', '2020-03-19 14-48-02', '2020-03-19 14-50-21', '2020-03-19 14-57-46', '2020-03-19 15-00-22', '2020-03-20 17-55-32', '2020-03-21 10-29-30']
2020-03-21 10:29:37,786 DEBUG: ['Sheet', '2020-03-19 11-07-19', '2020-03-19 14-45-40', '2020-03-19 14-48-02', '2020-03-19 14-50-21', '2020-03-19 14-57-46', '2020-03-19 15-00-22', '2020-03-20 17-55-32', '2020-03-21 10-29-30']
2020-03-21 10:29:40,098 DEBUG: ['Sheet', '2020-03-19 11-07-19', '2020-03-19 14-45-40', '2020-03-19 14-48-02', '2020-03-19 14-50-21', '2020-03-19 14-57-46', '2020-03-19 15-00-22', '2020-03-20 17-55-32', '2020-03-21 10-29-30']
2020-03-21 10:29:42,653 DEBUG: ['Sheet', '2020-03-19 11-07-19', '2020-03-19 14-45-40', '2020-03-19 14-48-02', '2020-03-19 14-50-21', '2020-03-19 14-57-46', '2020-03-19 15-00-22', '2020-03-20 17-55-32', '2020-03-21 10-29-30']
2020-03-21 10:29:45,118 DEBUG: ['Sheet', '2020-03-19 11-07-19', '2020-03-19 14-45-40', '2020-03-19 14-48-02', '2020-03-19 14-50-21', '2020-03-19 14-57-46', '2020-03-19 15-00-22', '2020-03-20 17-55-32', '2020-03-21 10-29-30']
2020-03-21 10:29:47,687 DEBUG: ['Sheet', '2020-03-19 11-07-19', '2020-03-19 14-45-40', '2020-03-19 14-48-02', '2020-03-19 14-50-21', '2020-03-19 14-57-46', '2020-03-19 15-00-22', '2020-03-20 17-55-32', '2020-03-21 10-29-30']
2020-03-21 10:29:51,111 DEBUG: ['Sheet', '2020-03-19 11-07-19', '2020-03-19 14-45-40', '2020-03-19 14-48-02', '2020-03-19 14-50-21', '2020-03-19 14-57-46', '2020-03-19 15-00-22', '2020-03-20 17-55-32', '2020-03-21 10-29-30']
2020-03-21 10:29:53,545 DEBUG: ['Sheet', '2020-03-19 11-07-19', '2020-03-19 14-45-40', '2020-03-19 14-48-02', '2020-03-19 14-50-21', '2020-03-19 14-57-46', '2020-03-19 15-00-22', '2020-03-20 17-55-32', '2020-03-21 10-29-30']
2020-03-21 10:29:56,154 DEBUG: ['Sheet', '2020-03-19 11-07-19', '2020-03-19 14-45-40', '2020-03-19 14-48-02', '2020-03-19 14-50-21', '2020-03-19 14-57-46', '2020-03-19 15-00-22', '2020-03-20 17-55-32', '2020-03-21 10-29-30']
2020-03-21 10:29:58,480 DEBUG: ['Sheet', '2020-03-19 11-07-19', '2020-03-19 14-45-40', '2020-03-19 14-48-02', '2020-03-19 14-50-21', '2020-03-19 14-57-46', '2020-03-19 15-00-22', '2020-03-20 17-55-32', '2020-03-21 10-29-30']
2020-03-21 10:30:00,765 DEBUG: ['Sheet', '2020-03-19 11-07-19', '2020-03-19 14-45-40', '2020-03-19 14-48-02', '2020-03-19 14-50-21', '2020-03-19 14-57-46', '2020-03-19 15-00-22', '2020-03-20 17-55-32', '2020-03-21 10-29-30']
2020-03-21 10:30:03,995 DEBUG: ['Sheet', '2020-03-19 11-07-19', '2020-03-19 14-45-40', '2020-03-19 14-48-02', '2020-03-19 14-50-21', '2020-03-19 14-57-46', '2020-03-19 15-00-22', '2020-03-20 17-55-32', '2020-03-21 10-29-30']
2020-03-21 10:30:09,831 DEBUG: ['Sheet', '2020-03-19 11-07-19', '2020-03-19 14-45-40', '2020-03-19 14-48-02', '2020-03-19 14-50-21', '2020-03-19 14-57-46', '2020-03-19 15-00-22', '2020-03-20 17-55-32', '2020-03-21 10-29-30']
2020-03-21 10:30:12,781 DEBUG: ['Sheet', '2020-03-19 11-07-19', '2020-03-19 14-45-40', '2020-03-19 14-48-02', '2020-03-19 14-50-21', '2020-03-19 14-57-46', '2020-03-19 15-00-22', '2020-03-20 17-55-32', '2020-03-21 10-29-30']
2020-03-21 10:30:15,386 DEBUG: ['Sheet', '2020-03-19 11-07-19', '2020-03-19 14-45-40', '2020-03-19 14-48-02', '2020-03-19 14-50-21', '2020-03-19 14-57-46', '2020-03-19 15-00-22', '2020-03-20 17-55-32', '2020-03-21 10-29-30']
2020-03-21 10:30:17,754 DEBUG: ['Sheet', '2020-03-19 11-07-19', '2020-03-19 14-45-40', '2020-03-19 14-48-02', '2020-03-19 14-50-21', '2020-03-19 14-57-46', '2020-03-19 15-00-22', '2020-03-20 17-55-32', '2020-03-21 10-29-30']
2020-03-21 10:30:20,025 DEBUG: ['Sheet', '2020-03-19 11-07-19', '2020-03-19 14-45-40', '2020-03-19 14-48-02', '2020-03-19 14-50-21', '2020-03-19 14-57-46', '2020-03-19 15-00-22', '2020-03-20 17-55-32', '2020-03-21 10-29-30']
2020-03-21 10:30:22,397 DEBUG: ['Sheet', '2020-03-19 11-07-19', '2020-03-19 14-45-40', '2020-03-19 14-48-02', '2020-03-19 14-50-21', '2020-03-19 14-57-46', '2020-03-19 15-00-22', '2020-03-20 17-55-32', '2020-03-21 10-29-30']
2020-03-21 10:30:24,745 DEBUG: ['Sheet', '2020-03-19 11-07-19', '2020-03-19 14-45-40', '2020-03-19 14-48-02', '2020-03-19 14-50-21', '2020-03-19 14-57-46', '2020-03-19 15-00-22', '2020-03-20 17-55-32', '2020-03-21 10-29-30']
2020-03-21 10:30:27,096 DEBUG: ['Sheet', '2020-03-19 11-07-19', '2020-03-19 14-45-40', '2020-03-19 14-48-02', '2020-03-19 14-50-21', '2020-03-19 14-57-46', '2020-03-19 15-00-22', '2020-03-20 17-55-32', '2020-03-21 10-29-30']
2020-03-21 10:30:29,522 DEBUG: ['Sheet', '2020-03-19 11-07-19', '2020-03-19 14-45-40', '2020-03-19 14-48-02', '2020-03-19 14-50-21', '2020-03-19 14-57-46', '2020-03-19 15-00-22', '2020-03-20 17-55-32', '2020-03-21 10-29-30']
2020-03-21 10:30:31,893 DEBUG: ['Sheet', '2020-03-19 11-07-19', '2020-03-19 14-45-40', '2020-03-19 14-48-02', '2020-03-19 14-50-21', '2020-03-19 14-57-46', '2020-03-19 15-00-22', '2020-03-20 17-55-32', '2020-03-21 10-29-30']
2020-03-21 10:30:34,520 DEBUG: ['Sheet', '2020-03-19 11-07-19', '2020-03-19 14-45-40', '2020-03-19 14-48-02', '2020-03-19 14-50-21', '2020-03-19 14-57-46', '2020-03-19 15-00-22', '2020-03-20 17-55-32', '2020-03-21 10-29-30']
2020-03-21 10:30:36,984 DEBUG: ['Sheet', '2020-03-19 11-07-19', '2020-03-19 14-45-40', '2020-03-19 14-48-02', '2020-03-19 14-50-21', '2020-03-19 14-57-46', '2020-03-19 15-00-22', '2020-03-20 17-55-32', '2020-03-21 10-29-30']
2020-03-21 10:30:39,419 DEBUG: ['Sheet', '2020-03-19 11-07-19', '2020-03-19 14-45-40', '2020-03-19 14-48-02', '2020-03-19 14-50-21', '2020-03-19 14-57-46', '2020-03-19 15-00-22', '2020-03-20 17-55-32', '2020-03-21 10-29-30']
2020-03-21 10:30:42,991 DEBUG: ['Sheet', '2020-03-19 11-07-19', '2020-03-19 14-45-40', '2020-03-19 14-48-02', '2020-03-19 14-50-21', '2020-03-19 14-57-46', '2020-03-19 15-00-22', '2020-03-20 17-55-32', '2020-03-21 10-29-30']
2020-03-21 10:30:45,386 DEBUG: ['Sheet', '2020-03-19 11-07-19', '2020-03-19 14-45-40', '2020-03-19 14-48-02', '2020-03-19 14-50-21', '2020-03-19 14-57-46', '2020-03-19 15-00-22', '2020-03-20 17-55-32', '2020-03-21 10-29-30']
2020-03-21 10:30:47,751 DEBUG: ['Sheet', '2020-03-19 11-07-19', '2020-03-19 14-45-40', '2020-03-19 14-48-02', '2020-03-19 14-50-21', '2020-03-19 14-57-46', '2020-03-19 15-00-22', '2020-03-20 17-55-32', '2020-03-21 10-29-30']
2020-03-21 10:30:50,333 DEBUG: ['Sheet', '2020-03-19 11-07-19', '2020-03-19 14-45-40', '2020-03-19 14-48-02', '2020-03-19 14-50-21', '2020-03-19 14-57-46', '2020-03-19 15-00-22', '2020-03-20 17-55-32', '2020-03-21 10-29-30']
2020-03-21 11:20:09,197 DEBUG: ['Sheet', '2020-03-19 11-07-19', '2020-03-19 14-45-40', '2020-03-19 14-48-02', '2020-03-19 14-50-21', '2020-03-19 14-57-46', '2020-03-19 15-00-22', '2020-03-20 17-55-32', '2020-03-21 10-29-30', '2020-03-21 11-20-03']
2020-03-21 11:20:11,639 DEBUG: ['Sheet', '2020-03-19 11-07-19', '2020-03-19 14-45-40', '2020-03-19 14-48-02', '2020-03-19 14-50-21', '2020-03-19 14-57-46', '2020-03-19 15-00-22', '2020-03-20 17-55-32', '2020-03-21 10-29-30', '2020-03-21 11-20-03']
2020-03-21 11:20:13,960 DEBUG: ['Sheet', '2020-03-19 11-07-19', '2020-03-19 14-45-40', '2020-03-19 14-48-02', '2020-03-19 14-50-21', '2020-03-19 14-57-46', '2020-03-19 15-00-22', '2020-03-20 17-55-32', '2020-03-21 10-29-30', '2020-03-21 11-20-03']
2020-03-21 11:20:16,536 DEBUG: ['Sheet', '2020-03-19 11-07-19', '2020-03-19 14-45-40', '2020-03-19 14-48-02', '2020-03-19 14-50-21', '2020-03-19 14-57-46', '2020-03-19 15-00-22', '2020-03-20 17-55-32', '2020-03-21 10-29-30', '2020-03-21 11-20-03']
2020-03-21 11:20:19,309 DEBUG: ['Sheet', '2020-03-19 11-07-19', '2020-03-19 14-45-40', '2020-03-19 14-48-02', '2020-03-19 14-50-21', '2020-03-19 14-57-46', '2020-03-19 15-00-22', '2020-03-20 17-55-32', '2020-03-21 10-29-30', '2020-03-21 11-20-03']
2020-03-21 11:20:22,275 DEBUG: ['Sheet', '2020-03-19 11-07-19', '2020-03-19 14-45-40', '2020-03-19 14-48-02', '2020-03-19 14-50-21', '2020-03-19 14-57-46', '2020-03-19 15-00-22', '2020-03-20 17-55-32', '2020-03-21 10-29-30', '2020-03-21 11-20-03']
2020-03-21 11:20:25,404 DEBUG: ['Sheet', '2020-03-19 11-07-19', '2020-03-19 14-45-40', '2020-03-19 14-48-02', '2020-03-19 14-50-21', '2020-03-19 14-57-46', '2020-03-19 15-00-22', '2020-03-20 17-55-32', '2020-03-21 10-29-30', '2020-03-21 11-20-03']
2020-03-21 11:20:27,936 DEBUG: ['Sheet', '2020-03-19 11-07-19', '2020-03-19 14-45-40', '2020-03-19 14-48-02', '2020-03-19 14-50-21', '2020-03-19 14-57-46', '2020-03-19 15-00-22', '2020-03-20 17-55-32', '2020-03-21 10-29-30', '2020-03-21 11-20-03']
2020-03-21 11:20:30,461 DEBUG: ['Sheet', '2020-03-19 11-07-19', '2020-03-19 14-45-40', '2020-03-19 14-48-02', '2020-03-19 14-50-21', '2020-03-19 14-57-46', '2020-03-19 15-00-22', '2020-03-20 17-55-32', '2020-03-21 10-29-30', '2020-03-21 11-20-03']
2020-03-21 11:20:32,779 DEBUG: ['Sheet', '2020-03-19 11-07-19', '2020-03-19 14-45-40', '2020-03-19 14-48-02', '2020-03-19 14-50-21', '2020-03-19 14-57-46', '2020-03-19 15-00-22', '2020-03-20 17-55-32', '2020-03-21 10-29-30', '2020-03-21 11-20-03']
2020-03-21 11:20:35,021 DEBUG: ['Sheet', '2020-03-19 11-07-19', '2020-03-19 14-45-40', '2020-03-19 14-48-02', '2020-03-19 14-50-21', '2020-03-19 14-57-46', '2020-03-19 15-00-22', '2020-03-20 17-55-32', '2020-03-21 10-29-30', '2020-03-21 11-20-03']
2020-03-21 11:20:39,014 DEBUG: ['Sheet', '2020-03-19 11-07-19', '2020-03-19 14-45-40', '2020-03-19 14-48-02', '2020-03-19 14-50-21', '2020-03-19 14-57-46', '2020-03-19 15-00-22', '2020-03-20 17-55-32', '2020-03-21 10-29-30', '2020-03-21 11-20-03']
2020-03-21 11:20:43,915 DEBUG: ['Sheet', '2020-03-19 11-07-19', '2020-03-19 14-45-40', '2020-03-19 14-48-02', '2020-03-19 14-50-21', '2020-03-19 14-57-46', '2020-03-19 15-00-22', '2020-03-20 17-55-32', '2020-03-21 10-29-30', '2020-03-21 11-20-03']
2020-03-21 11:20:46,632 DEBUG: ['Sheet', '2020-03-19 11-07-19', '2020-03-19 14-45-40', '2020-03-19 14-48-02', '2020-03-19 14-50-21', '2020-03-19 14-57-46', '2020-03-19 15-00-22', '2020-03-20 17-55-32', '2020-03-21 10-29-30', '2020-03-21 11-20-03']
2020-03-21 11:20:49,411 DEBUG: ['Sheet', '2020-03-19 11-07-19', '2020-03-19 14-45-40', '2020-03-19 14-48-02', '2020-03-19 14-50-21', '2020-03-19 14-57-46', '2020-03-19 15-00-22', '2020-03-20 17-55-32', '2020-03-21 10-29-30', '2020-03-21 11-20-03']
2020-03-21 11:20:52,008 DEBUG: ['Sheet', '2020-03-19 11-07-19', '2020-03-19 14-45-40', '2020-03-19 14-48-02', '2020-03-19 14-50-21', '2020-03-19 14-57-46', '2020-03-19 15-00-22', '2020-03-20 17-55-32', '2020-03-21 10-29-30', '2020-03-21 11-20-03']
2020-03-21 11:20:54,431 DEBUG: ['Sheet', '2020-03-19 11-07-19', '2020-03-19 14-45-40', '2020-03-19 14-48-02', '2020-03-19 14-50-21', '2020-03-19 14-57-46', '2020-03-19 15-00-22', '2020-03-20 17-55-32', '2020-03-21 10-29-30', '2020-03-21 11-20-03']
2020-03-21 11:20:56,807 DEBUG: ['Sheet', '2020-03-19 11-07-19', '2020-03-19 14-45-40', '2020-03-19 14-48-02', '2020-03-19 14-50-21', '2020-03-19 14-57-46', '2020-03-19 15-00-22', '2020-03-20 17-55-32', '2020-03-21 10-29-30', '2020-03-21 11-20-03']
2020-03-21 11:20:59,239 DEBUG: ['Sheet', '2020-03-19 11-07-19', '2020-03-19 14-45-40', '2020-03-19 14-48-02', '2020-03-19 14-50-21', '2020-03-19 14-57-46', '2020-03-19 15-00-22', '2020-03-20 17-55-32', '2020-03-21 10-29-30', '2020-03-21 11-20-03']
2020-03-21 11:21:01,783 DEBUG: ['Sheet', '2020-03-19 11-07-19', '2020-03-19 14-45-40', '2020-03-19 14-48-02', '2020-03-19 14-50-21', '2020-03-19 14-57-46', '2020-03-19 15-00-22', '2020-03-20 17-55-32', '2020-03-21 10-29-30', '2020-03-21 11-20-03']
2020-03-21 11:21:04,090 DEBUG: ['Sheet', '2020-03-19 11-07-19', '2020-03-19 14-45-40', '2020-03-19 14-48-02', '2020-03-19 14-50-21', '2020-03-19 14-57-46', '2020-03-19 15-00-22', '2020-03-20 17-55-32', '2020-03-21 10-29-30', '2020-03-21 11-20-03']
2020-03-21 11:21:06,483 DEBUG: ['Sheet', '2020-03-19 11-07-19', '2020-03-19 14-45-40', '2020-03-19 14-48-02', '2020-03-19 14-50-21', '2020-03-19 14-57-46', '2020-03-19 15-00-22', '2020-03-20 17-55-32', '2020-03-21 10-29-30', '2020-03-21 11-20-03']
2020-03-21 11:21:09,080 DEBUG: ['Sheet', '2020-03-19 11-07-19', '2020-03-19 14-45-40', '2020-03-19 14-48-02', '2020-03-19 14-50-21', '2020-03-19 14-57-46', '2020-03-19 15-00-22', '2020-03-20 17-55-32', '2020-03-21 10-29-30', '2020-03-21 11-20-03']
2020-03-21 11:21:11,850 DEBUG: ['Sheet', '2020-03-19 11-07-19', '2020-03-19 14-45-40', '2020-03-19 14-48-02', '2020-03-19 14-50-21', '2020-03-19 14-57-46', '2020-03-19 15-00-22', '2020-03-20 17-55-32', '2020-03-21 10-29-30', '2020-03-21 11-20-03']
2020-03-21 11:21:14,374 DEBUG: ['Sheet', '2020-03-19 11-07-19', '2020-03-19 14-45-40', '2020-03-19 14-48-02', '2020-03-19 14-50-21', '2020-03-19 14-57-46', '2020-03-19 15-00-22', '2020-03-20 17-55-32', '2020-03-21 10-29-30', '2020-03-21 11-20-03']
2020-03-21 11:21:17,154 DEBUG: ['Sheet', '2020-03-19 11-07-19', '2020-03-19 14-45-40', '2020-03-19 14-48-02', '2020-03-19 14-50-21', '2020-03-19 14-57-46', '2020-03-19 15-00-22', '2020-03-20 17-55-32', '2020-03-21 10-29-30', '2020-03-21 11-20-03']
2020-03-21 11:21:19,557 DEBUG: ['Sheet', '2020-03-19 11-07-19', '2020-03-19 14-45-40', '2020-03-19 14-48-02', '2020-03-19 14-50-21', '2020-03-19 14-57-46', '2020-03-19 15-00-22', '2020-03-20 17-55-32', '2020-03-21 10-29-30', '2020-03-21 11-20-03']
2020-03-21 11:21:21,991 DEBUG: ['Sheet', '2020-03-19 11-07-19', '2020-03-19 14-45-40', '2020-03-19 14-48-02', '2020-03-19 14-50-21', '2020-03-19 14-57-46', '2020-03-19 15-00-22', '2020-03-20 17-55-32', '2020-03-21 10-29-30', '2020-03-21 11-20-03']
2020-03-21 11:21:24,664 DEBUG: ['Sheet', '2020-03-19 11-07-19', '2020-03-19 14-45-40', '2020-03-19 14-48-02', '2020-03-19 14-50-21', '2020-03-19 14-57-46', '2020-03-19 15-00-22', '2020-03-20 17-55-32', '2020-03-21 10-29-30', '2020-03-21 11-20-03']
2020-03-21 11:21:27,216 DEBUG: ['Sheet', '2020-03-19 11-07-19', '2020-03-19 14-45-40', '2020-03-19 14-48-02', '2020-03-19 14-50-21', '2020-03-19 14-57-46', '2020-03-19 15-00-22', '2020-03-20 17-55-32', '2020-03-21 10-29-30', '2020-03-21 11-20-03']
2020-03-21 11:21:31,864 DEBUG: ['Sheet', '2020-03-19 11-07-19', '2020-03-19 14-45-40', '2020-03-19 14-48-02', '2020-03-19 14-50-21', '2020-03-19 14-57-46', '2020-03-19 15-00-22', '2020-03-20 17-55-32', '2020-03-21 10-29-30', '2020-03-21 11-20-03']
2020-03-21 17:17:34,959 DEBUG: ['Sheet', '2020-03-19 11-07-19', '2020-03-19 14-45-40', '2020-03-19 14-48-02', '2020-03-19 14-50-21', '2020-03-19 14-57-46', '2020-03-19 15-00-22', '2020-03-20 17-55-32', '2020-03-21 10-29-30', '2020-03-21 11-20-03', '2020-03-21 17-17-28']
2020-03-21 17:17:37,190 DEBUG: ['Sheet', '2020-03-19 11-07-19', '2020-03-19 14-45-40', '2020-03-19 14-48-02', '2020-03-19 14-50-21', '2020-03-19 14-57-46', '2020-03-19 15-00-22', '2020-03-20 17-55-32', '2020-03-21 10-29-30', '2020-03-21 11-20-03', '2020-03-21 17-17-28']
2020-03-21 17:17:39,415 DEBUG: ['Sheet', '2020-03-19 11-07-19', '2020-03-19 14-45-40', '2020-03-19 14-48-02', '2020-03-19 14-50-21', '2020-03-19 14-57-46', '2020-03-19 15-00-22', '2020-03-20 17-55-32', '2020-03-21 10-29-30', '2020-03-21 11-20-03', '2020-03-21 17-17-28']
2020-03-21 17:17:42,030 DEBUG: ['Sheet', '2020-03-19 11-07-19', '2020-03-19 14-45-40', '2020-03-19 14-48-02', '2020-03-19 14-50-21', '2020-03-19 14-57-46', '2020-03-19 15-00-22', '2020-03-20 17-55-32', '2020-03-21 10-29-30', '2020-03-21 11-20-03', '2020-03-21 17-17-28']
2020-03-21 17:17:44,602 DEBUG: ['Sheet', '2020-03-19 11-07-19', '2020-03-19 14-45-40', '2020-03-19 14-48-02', '2020-03-19 14-50-21', '2020-03-19 14-57-46', '2020-03-19 15-00-22', '2020-03-20 17-55-32', '2020-03-21 10-29-30', '2020-03-21 11-20-03', '2020-03-21 17-17-28']
2020-03-21 17:17:47,072 DEBUG: ['Sheet', '2020-03-19 11-07-19', '2020-03-19 14-45-40', '2020-03-19 14-48-02', '2020-03-19 14-50-21', '2020-03-19 14-57-46', '2020-03-19 15-00-22', '2020-03-20 17-55-32', '2020-03-21 10-29-30', '2020-03-21 11-20-03', '2020-03-21 17-17-28']
2020-03-21 17:17:50,065 DEBUG: ['Sheet', '2020-03-19 11-07-19', '2020-03-19 14-45-40', '2020-03-19 14-48-02', '2020-03-19 14-50-21', '2020-03-19 14-57-46', '2020-03-19 15-00-22', '2020-03-20 17-55-32', '2020-03-21 10-29-30', '2020-03-21 11-20-03', '2020-03-21 17-17-28']
2020-03-21 17:17:52,519 DEBUG: ['Sheet', '2020-03-19 11-07-19', '2020-03-19 14-45-40', '2020-03-19 14-48-02', '2020-03-19 14-50-21', '2020-03-19 14-57-46', '2020-03-19 15-00-22', '2020-03-20 17-55-32', '2020-03-21 10-29-30', '2020-03-21 11-20-03', '2020-03-21 17-17-28']
2020-03-21 17:17:54,955 DEBUG: ['Sheet', '2020-03-19 11-07-19', '2020-03-19 14-45-40', '2020-03-19 14-48-02', '2020-03-19 14-50-21', '2020-03-19 14-57-46', '2020-03-19 15-00-22', '2020-03-20 17-55-32', '2020-03-21 10-29-30', '2020-03-21 11-20-03', '2020-03-21 17-17-28']
2020-03-21 17:17:57,318 DEBUG: ['Sheet', '2020-03-19 11-07-19', '2020-03-19 14-45-40', '2020-03-19 14-48-02', '2020-03-19 14-50-21', '2020-03-19 14-57-46', '2020-03-19 15-00-22', '2020-03-20 17-55-32', '2020-03-21 10-29-30', '2020-03-21 11-20-03', '2020-03-21 17-17-28']
2020-03-21 17:17:59,577 DEBUG: ['Sheet', '2020-03-19 11-07-19', '2020-03-19 14-45-40', '2020-03-19 14-48-02', '2020-03-19 14-50-21', '2020-03-19 14-57-46', '2020-03-19 15-00-22', '2020-03-20 17-55-32', '2020-03-21 10-29-30', '2020-03-21 11-20-03', '2020-03-21 17-17-28']
2020-03-21 17:18:03,878 DEBUG: ['Sheet', '2020-03-19 11-07-19', '2020-03-19 14-45-40', '2020-03-19 14-48-02', '2020-03-19 14-50-21', '2020-03-19 14-57-46', '2020-03-19 15-00-22', '2020-03-20 17-55-32', '2020-03-21 10-29-30', '2020-03-21 11-20-03', '2020-03-21 17-17-28']
2020-03-21 17:18:09,880 DEBUG: ['Sheet', '2020-03-19 11-07-19', '2020-03-19 14-45-40', '2020-03-19 14-48-02', '2020-03-19 14-50-21', '2020-03-19 14-57-46', '2020-03-19 15-00-22', '2020-03-20 17-55-32', '2020-03-21 10-29-30', '2020-03-21 11-20-03', '2020-03-21 17-17-28']
2020-03-21 17:18:13,695 DEBUG: ['Sheet', '2020-03-19 11-07-19', '2020-03-19 14-45-40', '2020-03-19 14-48-02', '2020-03-19 14-50-21', '2020-03-19 14-57-46', '2020-03-19 15-00-22', '2020-03-20 17-55-32', '2020-03-21 10-29-30', '2020-03-21 11-20-03', '2020-03-21 17-17-28']
2020-03-21 17:18:17,533 DEBUG: ['Sheet', '2020-03-19 11-07-19', '2020-03-19 14-45-40', '2020-03-19 14-48-02', '2020-03-19 14-50-21', '2020-03-19 14-57-46', '2020-03-19 15-00-22', '2020-03-20 17-55-32', '2020-03-21 10-29-30', '2020-03-21 11-20-03', '2020-03-21 17-17-28']
2020-03-21 17:18:19,908 DEBUG: ['Sheet', '2020-03-19 11-07-19', '2020-03-19 14-45-40', '2020-03-19 14-48-02', '2020-03-19 14-50-21', '2020-03-19 14-57-46', '2020-03-19 15-00-22', '2020-03-20 17-55-32', '2020-03-21 10-29-30', '2020-03-21 11-20-03', '2020-03-21 17-17-28']
2020-03-21 17:18:22,253 DEBUG: ['Sheet', '2020-03-19 11-07-19', '2020-03-19 14-45-40', '2020-03-19 14-48-02', '2020-03-19 14-50-21', '2020-03-19 14-57-46', '2020-03-19 15-00-22', '2020-03-20 17-55-32', '2020-03-21 10-29-30', '2020-03-21 11-20-03', '2020-03-21 17-17-28']
2020-03-21 17:18:24,606 DEBUG: ['Sheet', '2020-03-19 11-07-19', '2020-03-19 14-45-40', '2020-03-19 14-48-02', '2020-03-19 14-50-21', '2020-03-19 14-57-46', '2020-03-19 15-00-22', '2020-03-20 17-55-32', '2020-03-21 10-29-30', '2020-03-21 11-20-03', '2020-03-21 17-17-28']
2020-03-21 17:18:26,934 DEBUG: ['Sheet', '2020-03-19 11-07-19', '2020-03-19 14-45-40', '2020-03-19 14-48-02', '2020-03-19 14-50-21', '2020-03-19 14-57-46', '2020-03-19 15-00-22', '2020-03-20 17-55-32', '2020-03-21 10-29-30', '2020-03-21 11-20-03', '2020-03-21 17-17-28']
2020-03-21 17:18:29,249 DEBUG: ['Sheet', '2020-03-19 11-07-19', '2020-03-19 14-45-40', '2020-03-19 14-48-02', '2020-03-19 14-50-21', '2020-03-19 14-57-46', '2020-03-19 15-00-22', '2020-03-20 17-55-32', '2020-03-21 10-29-30', '2020-03-21 11-20-03', '2020-03-21 17-17-28']
2020-03-21 17:18:31,700 DEBUG: ['Sheet', '2020-03-19 11-07-19', '2020-03-19 14-45-40', '2020-03-19 14-48-02', '2020-03-19 14-50-21', '2020-03-19 14-57-46', '2020-03-19 15-00-22', '2020-03-20 17-55-32', '2020-03-21 10-29-30', '2020-03-21 11-20-03', '2020-03-21 17-17-28']
2020-03-21 17:18:34,015 DEBUG: ['Sheet', '2020-03-19 11-07-19', '2020-03-19 14-45-40', '2020-03-19 14-48-02', '2020-03-19 14-50-21', '2020-03-19 14-57-46', '2020-03-19 15-00-22', '2020-03-20 17-55-32', '2020-03-21 10-29-30', '2020-03-21 11-20-03', '2020-03-21 17-17-28']
2020-03-21 17:18:36,436 DEBUG: ['Sheet', '2020-03-19 11-07-19', '2020-03-19 14-45-40', '2020-03-19 14-48-02', '2020-03-19 14-50-21', '2020-03-19 14-57-46', '2020-03-19 15-00-22', '2020-03-20 17-55-32', '2020-03-21 10-29-30', '2020-03-21 11-20-03', '2020-03-21 17-17-28']
2020-03-21 17:18:38,882 DEBUG: ['Sheet', '2020-03-19 11-07-19', '2020-03-19 14-45-40', '2020-03-19 14-48-02', '2020-03-19 14-50-21', '2020-03-19 14-57-46', '2020-03-19 15-00-22', '2020-03-20 17-55-32', '2020-03-21 10-29-30', '2020-03-21 11-20-03', '2020-03-21 17-17-28']
2020-03-21 17:18:41,576 DEBUG: ['Sheet', '2020-03-19 11-07-19', '2020-03-19 14-45-40', '2020-03-19 14-48-02', '2020-03-19 14-50-21', '2020-03-19 14-57-46', '2020-03-19 15-00-22', '2020-03-20 17-55-32', '2020-03-21 10-29-30', '2020-03-21 11-20-03', '2020-03-21 17-17-28']
2020-03-21 17:18:44,201 DEBUG: ['Sheet', '2020-03-19 11-07-19', '2020-03-19 14-45-40', '2020-03-19 14-48-02', '2020-03-19 14-50-21', '2020-03-19 14-57-46', '2020-03-19 15-00-22', '2020-03-20 17-55-32', '2020-03-21 10-29-30', '2020-03-21 11-20-03', '2020-03-21 17-17-28']
2020-03-21 17:18:46,530 DEBUG: ['Sheet', '2020-03-19 11-07-19', '2020-03-19 14-45-40', '2020-03-19 14-48-02', '2020-03-19 14-50-21', '2020-03-19 14-57-46', '2020-03-19 15-00-22', '2020-03-20 17-55-32', '2020-03-21 10-29-30', '2020-03-21 11-20-03', '2020-03-21 17-17-28']
2020-03-21 17:18:48,894 DEBUG: ['Sheet', '2020-03-19 11-07-19', '2020-03-19 14-45-40', '2020-03-19 14-48-02', '2020-03-19 14-50-21', '2020-03-19 14-57-46', '2020-03-19 15-00-22', '2020-03-20 17-55-32', '2020-03-21 10-29-30', '2020-03-21 11-20-03', '2020-03-21 17-17-28']
2020-03-21 17:18:51,403 DEBUG: ['Sheet', '2020-03-19 11-07-19', '2020-03-19 14-45-40', '2020-03-19 14-48-02', '2020-03-19 14-50-21', '2020-03-19 14-57-46', '2020-03-19 15-00-22', '2020-03-20 17-55-32', '2020-03-21 10-29-30', '2020-03-21 11-20-03', '2020-03-21 17-17-28']
2020-03-21 17:18:53,896 DEBUG: ['Sheet', '2020-03-19 11-07-19', '2020-03-19 14-45-40', '2020-03-19 14-48-02', '2020-03-19 14-50-21', '2020-03-19 14-57-46', '2020-03-19 15-00-22', '2020-03-20 17-55-32', '2020-03-21 10-29-30', '2020-03-21 11-20-03', '2020-03-21 17-17-28']
2020-03-21 17:18:57,462 DEBUG: ['Sheet', '2020-03-19 11-07-19', '2020-03-19 14-45-40', '2020-03-19 14-48-02', '2020-03-19 14-50-21', '2020-03-19 14-57-46', '2020-03-19 15-00-22', '2020-03-20 17-55-32', '2020-03-21 10-29-30', '2020-03-21 11-20-03', '2020-03-21 17-17-28']
2020-03-22 10:29:51,031 DEBUG: ['Sheet', '2020-03-19 11-07-19', '2020-03-19 14-45-40', '2020-03-19 14-48-02', '2020-03-19 14-50-21', '2020-03-19 14-57-46', '2020-03-19 15-00-22', '2020-03-20 17-55-32', '2020-03-21 10-29-30', '2020-03-21 11-20-03', '2020-03-21 17-17-28', '2020-03-21 23-55-24', '2020-03-22 00-18-08', '2020-03-22 00-20-07', '2020-03-22 00-21-05']
2020-03-22 10:41:53,247 DEBUG: ['Sheet', '2020-03-19 11-07-19', '2020-03-19 14-45-40', '2020-03-19 14-48-02', '2020-03-19 14-50-21', '2020-03-19 14-57-46', '2020-03-19 15-00-22', '2020-03-20 17-55-32', '2020-03-21 10-29-30', '2020-03-21 11-20-03', '2020-03-21 17-17-28', '2020-03-21 23-55-24', '2020-03-22 00-18-08', '2020-03-22 00-20-07', '2020-03-22 00-21-05']
2020-03-22 11:08:32,655 DEBUG: ['Sheet', '2020-03-19 11-07-19', '2020-03-19 14-45-40', '2020-03-19 14-48-02', '2020-03-19 14-50-21', '2020-03-19 14-57-46', '2020-03-19 15-00-22', '2020-03-20 17-55-32', '2020-03-21 10-29-30', '2020-03-21 11-20-03', '2020-03-21 17-17-28', '2020-03-21 23-55-24', '2020-03-22 00-18-08', '2020-03-22 00-20-07', '2020-03-22 00-21-05', '2020-03-22 11-08-07']
2020-03-22 11:13:19,197 DEBUG: ['Sheet', '2020-03-19 11-07-19', '2020-03-19 14-45-40', '2020-03-19 14-48-02', '2020-03-19 14-50-21', '2020-03-19 14-57-46', '2020-03-19 15-00-22', '2020-03-20 17-55-32', '2020-03-21 10-29-30', '2020-03-21 11-20-03', '2020-03-21 17-17-28', '2020-03-21 23-55-24', '2020-03-22 00-18-08', '2020-03-22 00-20-07', '2020-03-22 00-21-05', '2020-03-22 11-08-07', '2020-03-22 11-13-17']
2020-03-22 11:13:20,736 DEBUG: ['Sheet', '2020-03-19 11-07-19', '2020-03-19 14-45-40', '2020-03-19 14-48-02', '2020-03-19 14-50-21', '2020-03-19 14-57-46', '2020-03-19 15-00-22', '2020-03-20 17-55-32', '2020-03-21 10-29-30', '2020-03-21 11-20-03', '2020-03-21 17-17-28', '2020-03-21 23-55-24', '2020-03-22 00-18-08', '2020-03-22 00-20-07', '2020-03-22 00-21-05', '2020-03-22 11-08-07', '2020-03-22 11-13-17']
2020-03-22 11:22:33,573 DEBUG: ['Sheet', '2020-03-19 11-07-19', '2020-03-19 14-45-40', '2020-03-19 14-48-02', '2020-03-19 14-50-21', '2020-03-19 14-57-46', '2020-03-19 15-00-22', '2020-03-20 17-55-32', '2020-03-21 10-29-30', '2020-03-21 11-20-03', '2020-03-21 17-17-28', '2020-03-21 23-55-24', '2020-03-22 00-18-08', '2020-03-22 00-20-07', '2020-03-22 00-21-05', '2020-03-22 11-08-07', '2020-03-22 11-13-17', '2020-03-22 11-22-31']
2020-03-22 11:22:35,220 DEBUG: ['Sheet', '2020-03-19 11-07-19', '2020-03-19 14-45-40', '2020-03-19 14-48-02', '2020-03-19 14-50-21', '2020-03-19 14-57-46', '2020-03-19 15-00-22', '2020-03-20 17-55-32', '2020-03-21 10-29-30', '2020-03-21 11-20-03', '2020-03-21 17-17-28', '2020-03-21 23-55-24', '2020-03-22 00-18-08', '2020-03-22 00-20-07', '2020-03-22 00-21-05', '2020-03-22 11-08-07', '2020-03-22 11-13-17', '2020-03-22 11-22-31']
2020-03-22 11:25:42,962 DEBUG: ['Sheet', '2020-03-22 11-25-41']
2020-03-22 11:25:44,342 DEBUG: ['Sheet', '2020-03-22 11-25-41']
2020-03-23 10:38:13,293 DEBUG: ['Sheet', '2020-03-22 11-25-41', '2020-03-23 10-38-10']
2020-03-23 10:39:07,659 DEBUG: ['Sheet', '2020-03-23 10-39-04']
2020-03-23 10:41:12,022 DEBUG: ['Sheet', '2020-03-23 10-39-04', '2020-03-23 10-41-08']
2020-03-23 10:45:44,827 DEBUG: ['Sheet', '2020-03-23 10-39-04', '2020-03-23 10-41-08', '2020-03-23 10-45-41']
2020-03-23 10:49:16,070 DEBUG: ['Sheet', '2020-03-23 10-39-04', '2020-03-23 10-41-08', '2020-03-23 10-45-41', '2020-03-23 10-49-14']
2020-03-23 10:49:17,406 DEBUG: ['Sheet', '2020-03-23 10-39-04', '2020-03-23 10-41-08', '2020-03-23 10-45-41', '2020-03-23 10-49-14']
2020-03-23 18:39:40,039 DEBUG: ['Sheet', '2020-03-23 10-39-04', '2020-03-23 10-41-08', '2020-03-23 10-45-41', '2020-03-23 10-49-14', '2020-03-23 17-15-54', '2020-03-23 18-39-36']
2020-03-23 18:39:41,344 DEBUG: ['Sheet', '2020-03-23 10-39-04', '2020-03-23 10-41-08', '2020-03-23 10-45-41', '2020-03-23 10-49-14', '2020-03-23 17-15-54', '2020-03-23 18-39-36']
2020-03-23 18:39:42,679 DEBUG: ['Sheet', '2020-03-23 10-39-04', '2020-03-23 10-41-08', '2020-03-23 10-45-41', '2020-03-23 10-49-14', '2020-03-23 17-15-54', '2020-03-23 18-39-36']
2020-03-23 18:39:44,153 DEBUG: ['Sheet', '2020-03-23 10-39-04', '2020-03-23 10-41-08', '2020-03-23 10-45-41', '2020-03-23 10-49-14', '2020-03-23 17-15-54', '2020-03-23 18-39-36']
2020-03-23 18:39:46,580 DEBUG: ['Sheet', '2020-03-23 10-39-04', '2020-03-23 10-41-08', '2020-03-23 10-45-41', '2020-03-23 10-49-14', '2020-03-23 17-15-54', '2020-03-23 18-39-36']
2020-03-23 18:39:48,474 DEBUG: ['Sheet', '2020-03-23 10-39-04', '2020-03-23 10-41-08', '2020-03-23 10-45-41', '2020-03-23 10-49-14', '2020-03-23 17-15-54', '2020-03-23 18-39-36']
2020-03-23 18:39:53,559 DEBUG: ['Sheet', '2020-03-23 10-39-04', '2020-03-23 10-41-08', '2020-03-23 10-45-41', '2020-03-23 10-49-14', '2020-03-23 17-15-54', '2020-03-23 18-39-36']
2020-03-23 18:39:55,922 DEBUG: ['Sheet', '2020-03-23 10-39-04', '2020-03-23 10-41-08', '2020-03-23 10-45-41', '2020-03-23 10-49-14', '2020-03-23 17-15-54', '2020-03-23 18-39-36']
2020-03-23 18:39:57,997 DEBUG: ['Sheet', '2020-03-23 10-39-04', '2020-03-23 10-41-08', '2020-03-23 10-45-41', '2020-03-23 10-49-14', '2020-03-23 17-15-54', '2020-03-23 18-39-36']
2020-03-23 18:39:59,281 DEBUG: ['Sheet', '2020-03-23 10-39-04', '2020-03-23 10-41-08', '2020-03-23 10-45-41', '2020-03-23 10-49-14', '2020-03-23 17-15-54', '2020-03-23 18-39-36']
2020-03-23 18:40:00,529 DEBUG: ['Sheet', '2020-03-23 10-39-04', '2020-03-23 10-41-08', '2020-03-23 10-45-41', '2020-03-23 10-49-14', '2020-03-23 17-15-54', '2020-03-23 18-39-36']
2020-03-23 18:40:02,243 DEBUG: ['Sheet', '2020-03-23 10-39-04', '2020-03-23 10-41-08', '2020-03-23 10-45-41', '2020-03-23 10-49-14', '2020-03-23 17-15-54', '2020-03-23 18-39-36']
2020-03-23 18:40:08,594 DEBUG: ['Sheet', '2020-03-23 10-39-04', '2020-03-23 10-41-08', '2020-03-23 10-45-41', '2020-03-23 10-49-14', '2020-03-23 17-15-54', '2020-03-23 18-39-36']
2020-03-23 18:40:10,523 DEBUG: ['Sheet', '2020-03-23 10-39-04', '2020-03-23 10-41-08', '2020-03-23 10-45-41', '2020-03-23 10-49-14', '2020-03-23 17-15-54', '2020-03-23 18-39-36']
2020-03-23 18:40:15,695 DEBUG: ['Sheet', '2020-03-23 10-39-04', '2020-03-23 10-41-08', '2020-03-23 10-45-41', '2020-03-23 10-49-14', '2020-03-23 17-15-54', '2020-03-23 18-39-36']
2020-03-23 18:40:18,142 DEBUG: ['Sheet', '2020-03-23 10-39-04', '2020-03-23 10-41-08', '2020-03-23 10-45-41', '2020-03-23 10-49-14', '2020-03-23 17-15-54', '2020-03-23 18-39-36']
2020-03-23 18:40:20,607 DEBUG: ['Sheet', '2020-03-23 10-39-04', '2020-03-23 10-41-08', '2020-03-23 10-45-41', '2020-03-23 10-49-14', '2020-03-23 17-15-54', '2020-03-23 18-39-36']
2020-03-23 18:40:22,903 DEBUG: ['Sheet', '2020-03-23 10-39-04', '2020-03-23 10-41-08', '2020-03-23 10-45-41', '2020-03-23 10-49-14', '2020-03-23 17-15-54', '2020-03-23 18-39-36']
2020-03-23 18:40:25,751 DEBUG: ['Sheet', '2020-03-23 10-39-04', '2020-03-23 10-41-08', '2020-03-23 10-45-41', '2020-03-23 10-49-14', '2020-03-23 17-15-54', '2020-03-23 18-39-36']
2020-03-23 18:40:28,540 DEBUG: ['Sheet', '2020-03-23 10-39-04', '2020-03-23 10-41-08', '2020-03-23 10-45-41', '2020-03-23 10-49-14', '2020-03-23 17-15-54', '2020-03-23 18-39-36']
2020-03-23 18:40:30,798 DEBUG: ['Sheet', '2020-03-23 10-39-04', '2020-03-23 10-41-08', '2020-03-23 10-45-41', '2020-03-23 10-49-14', '2020-03-23 17-15-54', '2020-03-23 18-39-36']
2020-03-23 18:40:32,125 DEBUG: ['Sheet', '2020-03-23 10-39-04', '2020-03-23 10-41-08', '2020-03-23 10-45-41', '2020-03-23 10-49-14', '2020-03-23 17-15-54', '2020-03-23 18-39-36']
2020-03-23 18:40:33,751 DEBUG: ['Sheet', '2020-03-23 10-39-04', '2020-03-23 10-41-08', '2020-03-23 10-45-41', '2020-03-23 10-49-14', '2020-03-23 17-15-54', '2020-03-23 18-39-36']
2020-03-23 18:40:35,343 DEBUG: ['Sheet', '2020-03-23 10-39-04', '2020-03-23 10-41-08', '2020-03-23 10-45-41', '2020-03-23 10-49-14', '2020-03-23 17-15-54', '2020-03-23 18-39-36']
2020-03-23 18:40:36,952 DEBUG: ['Sheet', '2020-03-23 10-39-04', '2020-03-23 10-41-08', '2020-03-23 10-45-41', '2020-03-23 10-49-14', '2020-03-23 17-15-54', '2020-03-23 18-39-36']
2020-03-23 18:40:38,423 DEBUG: ['Sheet', '2020-03-23 10-39-04', '2020-03-23 10-41-08', '2020-03-23 10-45-41', '2020-03-23 10-49-14', '2020-03-23 17-15-54', '2020-03-23 18-39-36']
2020-03-23 18:40:39,781 DEBUG: ['Sheet', '2020-03-23 10-39-04', '2020-03-23 10-41-08', '2020-03-23 10-45-41', '2020-03-23 10-49-14', '2020-03-23 17-15-54', '2020-03-23 18-39-36']
2020-03-23 18:40:44,692 DEBUG: ['Sheet', '2020-03-23 10-39-04', '2020-03-23 10-41-08', '2020-03-23 10-45-41', '2020-03-23 10-49-14', '2020-03-23 17-15-54', '2020-03-23 18-39-36']
2020-03-23 18:40:46,642 DEBUG: ['Sheet', '2020-03-23 10-39-04', '2020-03-23 10-41-08', '2020-03-23 10-45-41', '2020-03-23 10-49-14', '2020-03-23 17-15-54', '2020-03-23 18-39-36']
2020-03-23 18:40:48,249 DEBUG: ['Sheet', '2020-03-23 10-39-04', '2020-03-23 10-41-08', '2020-03-23 10-45-41', '2020-03-23 10-49-14', '2020-03-23 17-15-54', '2020-03-23 18-39-36']
2020-03-23 18:40:56,846 DEBUG: ['Sheet', '2020-03-23 10-39-04', '2020-03-23 10-41-08', '2020-03-23 10-45-41', '2020-03-23 10-49-14', '2020-03-23 17-15-54', '2020-03-23 18-39-36']
2020-04-03 18:05:47,002 DEBUG: ['Sheet', '2020-03-23 10-39-04', '2020-03-23 10-41-08', '2020-03-23 10-45-41', '2020-03-23 10-49-14', '2020-03-23 17-15-54', '2020-03-23 18-39-36', '2020-04-03 18-05-43']
2020-04-03 18:05:48,506 DEBUG: ['Sheet', '2020-03-23 10-39-04', '2020-03-23 10-41-08', '2020-03-23 10-45-41', '2020-03-23 10-49-14', '2020-03-23 17-15-54', '2020-03-23 18-39-36', '2020-04-03 18-05-43']
2020-04-03 18:05:49,945 DEBUG: ['Sheet', '2020-03-23 10-39-04', '2020-03-23 10-41-08', '2020-03-23 10-45-41', '2020-03-23 10-49-14', '2020-03-23 17-15-54', '2020-03-23 18-39-36', '2020-04-03 18-05-43']
2020-04-03 18:05:51,799 DEBUG: ['Sheet', '2020-03-23 10-39-04', '2020-03-23 10-41-08', '2020-03-23 10-45-41', '2020-03-23 10-49-14', '2020-03-23 17-15-54', '2020-03-23 18-39-36', '2020-04-03 18-05-43']
2020-04-03 18:05:53,922 DEBUG: ['Sheet', '2020-03-23 10-39-04', '2020-03-23 10-41-08', '2020-03-23 10-45-41', '2020-03-23 10-49-14', '2020-03-23 17-15-54', '2020-03-23 18-39-36', '2020-04-03 18-05-43']
2020-04-03 18:05:56,075 DEBUG: ['Sheet', '2020-03-23 10-39-04', '2020-03-23 10-41-08', '2020-03-23 10-45-41', '2020-03-23 10-49-14', '2020-03-23 17-15-54', '2020-03-23 18-39-36', '2020-04-03 18-05-43']
2020-04-03 18:06:01,476 DEBUG: ['Sheet', '2020-03-23 10-39-04', '2020-03-23 10-41-08', '2020-03-23 10-45-41', '2020-03-23 10-49-14', '2020-03-23 17-15-54', '2020-03-23 18-39-36', '2020-04-03 18-05-43']
2020-04-03 18:06:03,852 DEBUG: ['Sheet', '2020-03-23 10-39-04', '2020-03-23 10-41-08', '2020-03-23 10-45-41', '2020-03-23 10-49-14', '2020-03-23 17-15-54', '2020-03-23 18-39-36', '2020-04-03 18-05-43']
2020-04-03 18:06:06,465 DEBUG: ['Sheet', '2020-03-23 10-39-04', '2020-03-23 10-41-08', '2020-03-23 10-45-41', '2020-03-23 10-49-14', '2020-03-23 17-15-54', '2020-03-23 18-39-36', '2020-04-03 18-05-43']
2020-04-03 18:06:07,915 DEBUG: ['Sheet', '2020-03-23 10-39-04', '2020-03-23 10-41-08', '2020-03-23 10-45-41', '2020-03-23 10-49-14', '2020-03-23 17-15-54', '2020-03-23 18-39-36', '2020-04-03 18-05-43']
2020-04-03 18:06:09,364 DEBUG: ['Sheet', '2020-03-23 10-39-04', '2020-03-23 10-41-08', '2020-03-23 10-45-41', '2020-03-23 10-49-14', '2020-03-23 17-15-54', '2020-03-23 18-39-36', '2020-04-03 18-05-43']
2020-04-03 18:06:11,398 DEBUG: ['Sheet', '2020-03-23 10-39-04', '2020-03-23 10-41-08', '2020-03-23 10-45-41', '2020-03-23 10-49-14', '2020-03-23 17-15-54', '2020-03-23 18-39-36', '2020-04-03 18-05-43']
2020-04-03 18:06:16,771 DEBUG: ['Sheet', '2020-03-23 10-39-04', '2020-03-23 10-41-08', '2020-03-23 10-45-41', '2020-03-23 10-49-14', '2020-03-23 17-15-54', '2020-03-23 18-39-36', '2020-04-03 18-05-43']
2020-04-03 18:06:18,591 DEBUG: ['Sheet', '2020-03-23 10-39-04', '2020-03-23 10-41-08', '2020-03-23 10-45-41', '2020-03-23 10-49-14', '2020-03-23 17-15-54', '2020-03-23 18-39-36', '2020-04-03 18-05-43']
2020-04-03 18:06:21,766 DEBUG: ['Sheet', '2020-03-23 10-39-04', '2020-03-23 10-41-08', '2020-03-23 10-45-41', '2020-03-23 10-49-14', '2020-03-23 17-15-54', '2020-03-23 18-39-36', '2020-04-03 18-05-43']
2020-04-03 18:06:25,780 DEBUG: ['Sheet', '2020-03-23 10-39-04', '2020-03-23 10-41-08', '2020-03-23 10-45-41', '2020-03-23 10-49-14', '2020-03-23 17-15-54', '2020-03-23 18-39-36', '2020-04-03 18-05-43']
2020-04-03 18:06:29,246 DEBUG: ['Sheet', '2020-03-23 10-39-04', '2020-03-23 10-41-08', '2020-03-23 10-45-41', '2020-03-23 10-49-14', '2020-03-23 17-15-54', '2020-03-23 18-39-36', '2020-04-03 18-05-43']
2020-04-03 18:06:32,610 DEBUG: ['Sheet', '2020-03-23 10-39-04', '2020-03-23 10-41-08', '2020-03-23 10-45-41', '2020-03-23 10-49-14', '2020-03-23 17-15-54', '2020-03-23 18-39-36', '2020-04-03 18-05-43']
2020-04-03 18:06:34,650 DEBUG: ['Sheet', '2020-03-23 10-39-04', '2020-03-23 10-41-08', '2020-03-23 10-45-41', '2020-03-23 10-49-14', '2020-03-23 17-15-54', '2020-03-23 18-39-36', '2020-04-03 18-05-43']
2020-04-03 18:06:36,662 DEBUG: ['Sheet', '2020-03-23 10-39-04', '2020-03-23 10-41-08', '2020-03-23 10-45-41', '2020-03-23 10-49-14', '2020-03-23 17-15-54', '2020-03-23 18-39-36', '2020-04-03 18-05-43']
2020-04-03 18:06:38,919 DEBUG: ['Sheet', '2020-03-23 10-39-04', '2020-03-23 10-41-08', '2020-03-23 10-45-41', '2020-03-23 10-49-14', '2020-03-23 17-15-54', '2020-03-23 18-39-36', '2020-04-03 18-05-43']
2020-04-03 18:06:40,254 DEBUG: ['Sheet', '2020-03-23 10-39-04', '2020-03-23 10-41-08', '2020-03-23 10-45-41', '2020-03-23 10-49-14', '2020-03-23 17-15-54', '2020-03-23 18-39-36', '2020-04-03 18-05-43']
2020-04-03 18:06:41,735 DEBUG: ['Sheet', '2020-03-23 10-39-04', '2020-03-23 10-41-08', '2020-03-23 10-45-41', '2020-03-23 10-49-14', '2020-03-23 17-15-54', '2020-03-23 18-39-36', '2020-04-03 18-05-43']
2020-04-03 18:06:43,495 DEBUG: ['Sheet', '2020-03-23 10-39-04', '2020-03-23 10-41-08', '2020-03-23 10-45-41', '2020-03-23 10-49-14', '2020-03-23 17-15-54', '2020-03-23 18-39-36', '2020-04-03 18-05-43']
2020-04-03 18:06:44,889 DEBUG: ['Sheet', '2020-03-23 10-39-04', '2020-03-23 10-41-08', '2020-03-23 10-45-41', '2020-03-23 10-49-14', '2020-03-23 17-15-54', '2020-03-23 18-39-36', '2020-04-03 18-05-43']
2020-04-03 18:06:50,164 DEBUG: ['Sheet', '2020-03-23 10-39-04', '2020-03-23 10-41-08', '2020-03-23 10-45-41', '2020-03-23 10-49-14', '2020-03-23 17-15-54', '2020-03-23 18-39-36', '2020-04-03 18-05-43']
2020-04-03 18:06:51,761 DEBUG: ['Sheet', '2020-03-23 10-39-04', '2020-03-23 10-41-08', '2020-03-23 10-45-41', '2020-03-23 10-49-14', '2020-03-23 17-15-54', '2020-03-23 18-39-36', '2020-04-03 18-05-43']
2020-04-03 18:06:53,130 DEBUG: ['Sheet', '2020-03-23 10-39-04', '2020-03-23 10-41-08', '2020-03-23 10-45-41', '2020-03-23 10-49-14', '2020-03-23 17-15-54', '2020-03-23 18-39-36', '2020-04-03 18-05-43']
2020-04-03 18:06:54,901 DEBUG: ['Sheet', '2020-03-23 10-39-04', '2020-03-23 10-41-08', '2020-03-23 10-45-41', '2020-03-23 10-49-14', '2020-03-23 17-15-54', '2020-03-23 18-39-36', '2020-04-03 18-05-43']
2020-04-03 18:06:56,314 DEBUG: ['Sheet', '2020-03-23 10-39-04', '2020-03-23 10-41-08', '2020-03-23 10-45-41', '2020-03-23 10-49-14', '2020-03-23 17-15-54', '2020-03-23 18-39-36', '2020-04-03 18-05-43']
2020-04-03 18:07:09,368 DEBUG: ['Sheet', '2020-03-23 10-39-04', '2020-03-23 10-41-08', '2020-03-23 10-45-41', '2020-03-23 10-49-14', '2020-03-23 17-15-54', '2020-03-23 18-39-36', '2020-04-03 18-05-43']
2020-04-26 15:53:05,450 DEBUG: ['Sheet', '2020-04-22 11-13-56', '2020-04-22 11-26-37', '2020-04-26 15-43-03']
2020-04-26 15:56:55,015 DEBUG: ['Sheet', '2020-04-22 11-13-56', '2020-04-22 11-26-37', '2020-04-26 15-43-03', '2020-04-26 15-56-43']
2020-04-26 16:01:53,414 DEBUG: ['Sheet', '2020-04-22 11-13-56', '2020-04-22 11-26-37', '2020-04-26 15-43-03', '2020-04-26 15-56-43', '2020-04-26 16-01-50']
2020-04-26 16:01:54,816 DEBUG: ['Sheet', '2020-04-22 11-13-56', '2020-04-22 11-26-37', '2020-04-26 15-43-03', '2020-04-26 15-56-43', '2020-04-26 16-01-50']
2020-04-26 16:01:56,358 DEBUG: ['Sheet', '2020-04-22 11-13-56', '2020-04-22 11-26-37', '2020-04-26 15-43-03', '2020-04-26 15-56-43', '2020-04-26 16-01-50']
2020-04-26 16:01:57,874 DEBUG: ['Sheet', '2020-04-22 11-13-56', '2020-04-22 11-26-37', '2020-04-26 15-43-03', '2020-04-26 15-56-43', '2020-04-26 16-01-50']
2020-04-26 16:02:00,150 DEBUG: ['Sheet', '2020-04-22 11-13-56', '2020-04-22 11-26-37', '2020-04-26 15-43-03', '2020-04-26 15-56-43', '2020-04-26 16-01-50']
2020-04-26 16:02:02,192 DEBUG: ['Sheet', '2020-04-22 11-13-56', '2020-04-22 11-26-37', '2020-04-26 15-43-03', '2020-04-26 15-56-43', '2020-04-26 16-01-50']
2020-04-26 16:02:04,274 DEBUG: ['Sheet', '2020-04-22 11-13-56', '2020-04-22 11-26-37', '2020-04-26 15-43-03', '2020-04-26 15-56-43', '2020-04-26 16-01-50']
2020-04-26 16:02:06,697 DEBUG: ['Sheet', '2020-04-22 11-13-56', '2020-04-22 11-26-37', '2020-04-26 15-43-03', '2020-04-26 15-56-43', '2020-04-26 16-01-50']
2020-04-26 16:02:09,177 DEBUG: ['Sheet', '2020-04-22 11-13-56', '2020-04-22 11-26-37', '2020-04-26 15-43-03', '2020-04-26 15-56-43', '2020-04-26 16-01-50']
2020-04-26 16:02:10,552 DEBUG: ['Sheet', '2020-04-22 11-13-56', '2020-04-22 11-26-37', '2020-04-26 15-43-03', '2020-04-26 15-56-43', '2020-04-26 16-01-50']
2020-04-26 16:02:11,899 DEBUG: ['Sheet', '2020-04-22 11-13-56', '2020-04-22 11-26-37', '2020-04-26 15-43-03', '2020-04-26 15-56-43', '2020-04-26 16-01-50']
2020-04-26 16:02:13,993 DEBUG: ['Sheet', '2020-04-22 11-13-56', '2020-04-22 11-26-37', '2020-04-26 15-43-03', '2020-04-26 15-56-43', '2020-04-26 16-01-50']
2020-04-26 16:02:20,442 DEBUG: ['Sheet', '2020-04-22 11-13-56', '2020-04-22 11-26-37', '2020-04-26 15-43-03', '2020-04-26 15-56-43', '2020-04-26 16-01-50']
2020-04-26 16:02:22,291 DEBUG: ['Sheet', '2020-04-22 11-13-56', '2020-04-22 11-26-37', '2020-04-26 15-43-03', '2020-04-26 15-56-43', '2020-04-26 16-01-50']
2020-04-26 16:02:25,527 DEBUG: ['Sheet', '2020-04-22 11-13-56', '2020-04-22 11-26-37', '2020-04-26 15-43-03', '2020-04-26 15-56-43', '2020-04-26 16-01-50']
2020-04-26 16:02:29,800 DEBUG: ['Sheet', '2020-04-22 11-13-56', '2020-04-22 11-26-37', '2020-04-26 15-43-03', '2020-04-26 15-56-43', '2020-04-26 16-01-50']
2020-04-26 16:02:33,832 DEBUG: ['Sheet', '2020-04-22 11-13-56', '2020-04-22 11-26-37', '2020-04-26 15-43-03', '2020-04-26 15-56-43', '2020-04-26 16-01-50']
2020-04-26 16:02:37,973 DEBUG: ['Sheet', '2020-04-22 11-13-56', '2020-04-22 11-26-37', '2020-04-26 15-43-03', '2020-04-26 15-56-43', '2020-04-26 16-01-50']
2020-04-26 16:02:40,085 DEBUG: ['Sheet', '2020-04-22 11-13-56', '2020-04-22 11-26-37', '2020-04-26 15-43-03', '2020-04-26 15-56-43', '2020-04-26 16-01-50']
2020-04-26 16:02:42,091 DEBUG: ['Sheet', '2020-04-22 11-13-56', '2020-04-22 11-26-37', '2020-04-26 15-43-03', '2020-04-26 15-56-43', '2020-04-26 16-01-50']
2020-04-26 16:02:44,094 DEBUG: ['Sheet', '2020-04-22 11-13-56', '2020-04-22 11-26-37', '2020-04-26 15-43-03', '2020-04-26 15-56-43', '2020-04-26 16-01-50']
2020-04-26 16:02:45,295 DEBUG: ['Sheet', '2020-04-22 11-13-56', '2020-04-22 11-26-37', '2020-04-26 15-43-03', '2020-04-26 15-56-43', '2020-04-26 16-01-50']
2020-04-26 16:02:46,736 DEBUG: ['Sheet', '2020-04-22 11-13-56', '2020-04-22 11-26-37', '2020-04-26 15-43-03', '2020-04-26 15-56-43', '2020-04-26 16-01-50']
2020-04-26 16:02:48,333 DEBUG: ['Sheet', '2020-04-22 11-13-56', '2020-04-22 11-26-37', '2020-04-26 15-43-03', '2020-04-26 15-56-43', '2020-04-26 16-01-50']
2020-04-26 16:02:49,819 DEBUG: ['Sheet', '2020-04-22 11-13-56', '2020-04-22 11-26-37', '2020-04-26 15-43-03', '2020-04-26 15-56-43', '2020-04-26 16-01-50']
2020-04-26 16:02:53,838 DEBUG: ['Sheet', '2020-04-22 11-13-56', '2020-04-22 11-26-37', '2020-04-26 15-43-03', '2020-04-26 15-56-43', '2020-04-26 16-01-50']
2020-04-26 16:02:55,467 DEBUG: ['Sheet', '2020-04-22 11-13-56', '2020-04-22 11-26-37', '2020-04-26 15-43-03', '2020-04-26 15-56-43', '2020-04-26 16-01-50']
2020-04-26 16:02:56,790 DEBUG: ['Sheet', '2020-04-22 11-13-56', '2020-04-22 11-26-37', '2020-04-26 15-43-03', '2020-04-26 15-56-43', '2020-04-26 16-01-50']
2020-04-26 16:02:58,598 DEBUG: ['Sheet', '2020-04-22 11-13-56', '2020-04-22 11-26-37', '2020-04-26 15-43-03', '2020-04-26 15-56-43', '2020-04-26 16-01-50']
2020-04-26 16:02:59,919 DEBUG: ['Sheet', '2020-04-22 11-13-56', '2020-04-22 11-26-37', '2020-04-26 15-43-03', '2020-04-26 15-56-43', '2020-04-26 16-01-50']
2020-04-26 16:03:29,114 DEBUG: ['Sheet', '2020-04-22 11-13-56', '2020-04-22 11-26-37', '2020-04-26 15-43-03', '2020-04-26 15-56-43', '2020-04-26 16-01-50']
2020-04-26 16:05:14,527 DEBUG: ['Sheet', '2020-04-22 11-13-56', '2020-04-22 11-26-37', '2020-04-26 15-43-03', '2020-04-26 15-56-43', '2020-04-26 16-01-50', '2020-04-26 16-05-10']
2020-04-26 16:06:15,518 DEBUG: ['Sheet', '2020-04-22 11-13-56', '2020-04-22 11-26-37', '2020-04-26 15-43-03', '2020-04-26 15-56-43', '2020-04-26 16-01-50', '2020-04-26 16-05-10', '2020-04-26 16-06-13']
2020-04-26 16:06:16,889 DEBUG: ['Sheet', '2020-04-22 11-13-56', '2020-04-22 11-26-37', '2020-04-26 15-43-03', '2020-04-26 15-56-43', '2020-04-26 16-01-50', '2020-04-26 16-05-10', '2020-04-26 16-06-13']
2020-04-26 19:21:46,499 DEBUG: ['Sheet', '2020-04-22 11-13-56', '2020-04-22 11-26-37', '2020-04-26 15-43-03', '2020-04-26 15-56-43', '2020-04-26 16-01-50', '2020-04-26 16-05-10', '2020-04-26 16-06-13', '2020-04-26 19-21-44']
2020-04-26 19:26:29,461 DEBUG: ['Sheet', '2020-04-22 11-13-56', '2020-04-22 11-26-37', '2020-04-26 15-43-03', '2020-04-26 15-56-43', '2020-04-26 16-01-50', '2020-04-26 16-05-10', '2020-04-26 16-06-13', '2020-04-26 19-21-44', '2020-04-26 19-26-27']
2020-04-26 19:26:30,888 DEBUG: ['Sheet', '2020-04-22 11-13-56', '2020-04-22 11-26-37', '2020-04-26 15-43-03', '2020-04-26 15-56-43', '2020-04-26 16-01-50', '2020-04-26 16-05-10', '2020-04-26 16-06-13', '2020-04-26 19-21-44', '2020-04-26 19-26-27']
2020-04-26 19:27:22,347 DEBUG: ['Sheet', '2020-04-22 11-13-56', '2020-04-22 11-26-37', '2020-04-26 15-43-03', '2020-04-26 15-56-43', '2020-04-26 16-01-50', '2020-04-26 16-05-10', '2020-04-26 16-06-13', '2020-04-26 19-21-44', '2020-04-26 19-26-27', '2020-04-26 19-27-08']
2020-04-26 19:28:05,181 DEBUG: ['Sheet', '2020-04-22 11-13-56', '2020-04-22 11-26-37', '2020-04-26 15-43-03', '2020-04-26 15-56-43', '2020-04-26 16-01-50', '2020-04-26 16-05-10', '2020-04-26 16-06-13', '2020-04-26 19-21-44', '2020-04-26 19-26-27', '2020-04-26 19-27-08']
2020-04-26 19:29:28,269 DEBUG: ['Sheet', '2020-04-22 11-13-56', '2020-04-22 11-26-37', '2020-04-26 15-43-03', '2020-04-26 15-56-43', '2020-04-26 16-01-50', '2020-04-26 16-05-10', '2020-04-26 16-06-13', '2020-04-26 19-21-44', '2020-04-26 19-26-27', '2020-04-26 19-27-08']
2020-04-26 19:30:41,311 DEBUG: ['Sheet', '2020-04-22 11-13-56', '2020-04-22 11-26-37', '2020-04-26 15-43-03', '2020-04-26 15-56-43', '2020-04-26 16-01-50', '2020-04-26 16-05-10', '2020-04-26 16-06-13', '2020-04-26 19-21-44', '2020-04-26 19-26-27', '2020-04-26 19-27-08']
2020-04-26 19:31:10,495 DEBUG: ['Sheet', '2020-04-22 11-13-56', '2020-04-22 11-26-37', '2020-04-26 15-43-03', '2020-04-26 15-56-43', '2020-04-26 16-01-50', '2020-04-26 16-05-10', '2020-04-26 16-06-13', '2020-04-26 19-21-44', '2020-04-26 19-26-27', '2020-04-26 19-27-08']
2020-04-26 19:31:34,123 DEBUG: ['Sheet', '2020-04-22 11-13-56', '2020-04-22 11-26-37', '2020-04-26 15-43-03', '2020-04-26 15-56-43', '2020-04-26 16-01-50', '2020-04-26 16-05-10', '2020-04-26 16-06-13', '2020-04-26 19-21-44', '2020-04-26 19-26-27', '2020-04-26 19-27-08', '2020-04-26 19-31-32']
2020-04-26 19:31:35,804 DEBUG: ['Sheet', '2020-04-22 11-13-56', '2020-04-22 11-26-37', '2020-04-26 15-43-03', '2020-04-26 15-56-43', '2020-04-26 16-01-50', '2020-04-26 16-05-10', '2020-04-26 16-06-13', '2020-04-26 19-21-44', '2020-04-26 19-26-27', '2020-04-26 19-27-08', '2020-04-26 19-31-32']
2020-04-26 19:32:00,522 DEBUG: ['Sheet', '2020-04-22 11-13-56', '2020-04-22 11-26-37', '2020-04-26 15-43-03', '2020-04-26 15-56-43', '2020-04-26 16-01-50', '2020-04-26 16-05-10', '2020-04-26 16-06-13', '2020-04-26 19-21-44', '2020-04-26 19-26-27', '2020-04-26 19-27-08', '2020-04-26 19-31-32', '2020-04-26 19-31-58']
2020-04-26 19:32:02,020 DEBUG: ['Sheet', '2020-04-22 11-13-56', '2020-04-22 11-26-37', '2020-04-26 15-43-03', '2020-04-26 15-56-43', '2020-04-26 16-01-50', '2020-04-26 16-05-10', '2020-04-26 16-06-13', '2020-04-26 19-21-44', '2020-04-26 19-26-27', '2020-04-26 19-27-08', '2020-04-26 19-31-32', '2020-04-26 19-31-58']
2020-04-28 16:21:40,229 DEBUG: ['Sheet', '2020-04-22 11-13-56', '2020-04-22 11-26-37', '2020-04-26 15-43-03', '2020-04-26 15-56-43', '2020-04-26 16-01-50', '2020-04-26 16-05-10', '2020-04-26 16-06-13', '2020-04-26 19-21-44', '2020-04-26 19-26-27', '2020-04-26 19-27-08', '2020-04-26 19-31-32', '2020-04-26 19-31-58', '2020-04-28 16-21-38']
2020-04-28 16:21:41,635 DEBUG: ['Sheet', '2020-04-22 11-13-56', '2020-04-22 11-26-37', '2020-04-26 15-43-03', '2020-04-26 15-56-43', '2020-04-26 16-01-50', '2020-04-26 16-05-10', '2020-04-26 16-06-13', '2020-04-26 19-21-44', '2020-04-26 19-26-27', '2020-04-26 19-27-08', '2020-04-26 19-31-32', '2020-04-26 19-31-58', '2020-04-28 16-21-38']
2020-10-14 17:58:25,400 DEBUG: ['Sheet', '2020-04-22 11-13-56', '2020-04-22 11-26-37', '2020-04-26 15-43-03', '2020-04-26 15-56-43', '2020-04-26 16-01-50', '2020-04-26 16-05-10', '2020-04-26 16-06-13', '2020-04-26 19-21-44', '2020-04-26 19-26-27', '2020-04-26 19-27-08', '2020-04-26 19-31-32', '2020-04-26 19-31-58', '2020-04-28 16-21-38', '2020-10-14 17-37-22']
2020-10-14 18:02:12,650 DEBUG: ['Sheet', '2020-04-22 11-13-56', '2020-04-22 11-26-37', '2020-04-26 15-43-03', '2020-04-26 15-56-43', '2020-04-26 16-01-50', '2020-04-26 16-05-10', '2020-04-26 16-06-13', '2020-04-26 19-21-44', '2020-04-26 19-26-27', '2020-04-26 19-27-08', '2020-04-26 19-31-32', '2020-04-26 19-31-58', '2020-04-28 16-21-38', '2020-10-14 17-37-22']
2020-10-14 18:02:42,184 DEBUG: ['Sheet', '2020-04-22 11-13-56', '2020-04-22 11-26-37', '2020-04-26 15-43-03', '2020-04-26 15-56-43', '2020-04-26 16-01-50', '2020-04-26 16-05-10', '2020-04-26 16-06-13', '2020-04-26 19-21-44', '2020-04-26 19-26-27', '2020-04-26 19-27-08', '2020-04-26 19-31-32', '2020-04-26 19-31-58', '2020-04-28 16-21-38', '2020-10-14 17-37-22']
2020-10-14 18:16:09,474 DEBUG: ['Sheet', '2020-04-22 11-13-56', '2020-04-22 11-26-37', '2020-04-26 15-43-03', '2020-04-26 15-56-43', '2020-04-26 16-01-50', '2020-04-26 16-05-10', '2020-04-26 16-06-13', '2020-04-26 19-21-44', '2020-04-26 19-26-27', '2020-04-26 19-27-08', '2020-04-26 19-31-32', '2020-04-26 19-31-58', '2020-04-28 16-21-38', '2020-10-14 17-37-22', '2020-10-14 18-13-43']
2020-10-14 18:16:54,258 DEBUG: ['Sheet', '2020-04-22 11-13-56', '2020-04-22 11-26-37', '2020-04-26 15-43-03', '2020-04-26 15-56-43', '2020-04-26 16-01-50', '2020-04-26 16-05-10', '2020-04-26 16-06-13', '2020-04-26 19-21-44', '2020-04-26 19-26-27', '2020-04-26 19-27-08', '2020-04-26 19-31-32', '2020-04-26 19-31-58', '2020-04-28 16-21-38', '2020-10-14 17-37-22', '2020-10-14 18-13-43']
2020-10-14 18:23:23,994 DEBUG: ['Sheet', '2020-04-22 11-13-56', '2020-04-22 11-26-37', '2020-04-26 15-43-03', '2020-04-26 15-56-43', '2020-04-26 16-01-50', '2020-04-26 16-05-10', '2020-04-26 16-06-13', '2020-04-26 19-21-44', '2020-04-26 19-26-27', '2020-04-26 19-27-08', '2020-04-26 19-31-32', '2020-04-26 19-31-58', '2020-04-28 16-21-38', '2020-10-14 17-37-22', '2020-10-14 18-13-43']
2020-10-14 19:30:41,060 DEBUG: ['Sheet', '2020-04-22 11-13-56', '2020-04-22 11-26-37', '2020-04-26 15-43-03', '2020-04-26 15-56-43', '2020-04-26 16-01-50', '2020-04-26 16-05-10', '2020-04-26 16-06-13', '2020-04-26 19-21-44', '2020-04-26 19-26-27', '2020-04-26 19-27-08', '2020-04-26 19-31-32', '2020-04-26 19-31-58', '2020-04-28 16-21-38', '2020-10-14 17-37-22', '2020-10-14 18-13-43', '2020-10-14 19-20-13']
2020-10-14 19:31:54,320 DEBUG: ['Sheet', '2020-04-22 11-13-56', '2020-04-22 11-26-37', '2020-04-26 15-43-03', '2020-04-26 15-56-43', '2020-04-26 16-01-50', '2020-04-26 16-05-10', '2020-04-26 16-06-13', '2020-04-26 19-21-44', '2020-04-26 19-26-27', '2020-04-26 19-27-08', '2020-04-26 19-31-32', '2020-04-26 19-31-58', '2020-04-28 16-21-38', '2020-10-14 17-37-22', '2020-10-14 18-13-43', '2020-10-14 19-20-13']
2020-10-19 14:32:48,749 DEBUG: ['Sheet', '2020-04-22 11-13-56', '2020-04-22 11-26-37', '2020-04-26 15-43-03', '2020-04-26 15-56-43', '2020-04-26 16-01-50', '2020-04-26 16-05-10', '2020-04-26 16-06-13', '2020-04-26 19-21-44', '2020-04-26 19-26-27', '2020-04-26 19-27-08', '2020-04-26 19-31-32', '2020-04-26 19-31-58', '2020-04-28 16-21-38', '2020-10-14 17-37-22', '2020-10-14 18-13-43', '2020-10-14 19-20-13', '2020-10-15 11-03-03']
2020-11-05 16:50:04,671 DEBUG: ['Sheet', '2020-04-22 11-13-56', '2020-04-22 11-26-37', '2020-04-26 15-43-03', '2020-04-26 15-56-43', '2020-04-26 16-01-50', '2020-04-26 16-05-10', '2020-04-26 16-06-13', '2020-04-26 19-21-44', '2020-04-26 19-26-27', '2020-04-26 19-27-08', '2020-04-26 19-31-32', '2020-04-26 19-31-58', '2020-04-28 16-21-38', '2020-10-14 17-37-22', '2020-10-14 18-13-43', '2020-10-14 19-20-13', '2020-10-15 11-03-03']
2020-11-05 16:55:14,430 DEBUG: ['Sheet', '2020-04-22 11-13-56', '2020-04-22 11-26-37', '2020-04-26 15-43-03', '2020-04-26 15-56-43', '2020-04-26 16-01-50', '2020-04-26 16-05-10', '2020-04-26 16-06-13', '2020-04-26 19-21-44', '2020-04-26 19-26-27', '2020-04-26 19-27-08', '2020-04-26 19-31-32', '2020-04-26 19-31-58', '2020-04-28 16-21-38', '2020-10-14 17-37-22', '2020-10-14 18-13-43', '2020-10-14 19-20-13', '2020-10-15 11-03-03', '2020-11-05 16-54-29']
2020-11-05 17:22:58,664 DEBUG: ['Sheet', '2020-04-22 11-13-56', '2020-04-22 11-26-37', '2020-04-26 15-43-03', '2020-04-26 15-56-43', '2020-04-26 16-01-50', '2020-04-26 16-05-10', '2020-04-26 16-06-13', '2020-04-26 19-21-44', '2020-04-26 19-26-27', '2020-04-26 19-27-08', '2020-04-26 19-31-32', '2020-04-26 19-31-58', '2020-04-28 16-21-38', '2020-10-14 17-37-22', '2020-10-14 18-13-43', '2020-10-14 19-20-13', '2020-10-15 11-03-03', '2020-11-05 16-54-29']
2020-11-05 17:57:17,856 DEBUG: ['Sheet', '2020-04-22 11-13-56', '2020-04-22 11-26-37', '2020-04-26 15-43-03', '2020-04-26 15-56-43', '2020-04-26 16-01-50', '2020-04-26 16-05-10', '2020-04-26 16-06-13', '2020-04-26 19-21-44', '2020-04-26 19-26-27', '2020-04-26 19-27-08', '2020-04-26 19-31-32', '2020-04-26 19-31-58', '2020-04-28 16-21-38', '2020-10-14 17-37-22', '2020-10-14 18-13-43', '2020-10-14 19-20-13', '2020-10-15 11-03-03', '2020-11-05 16-54-29']
2020-11-05 18:10:21,898 DEBUG: ['Sheet', '2020-04-22 11-13-56', '2020-04-22 11-26-37', '2020-04-26 15-43-03', '2020-04-26 15-56-43', '2020-04-26 16-01-50', '2020-04-26 16-05-10', '2020-04-26 16-06-13', '2020-04-26 19-21-44', '2020-04-26 19-26-27', '2020-04-26 19-27-08', '2020-04-26 19-31-32', '2020-04-26 19-31-58', '2020-04-28 16-21-38', '2020-10-14 17-37-22', '2020-10-14 18-13-43', '2020-10-14 19-20-13', '2020-10-15 11-03-03', '2020-11-05 16-54-29']
2020-11-05 19:21:38,015 DEBUG: ['Sheet', '2020-04-22 11-13-56', '2020-04-22 11-26-37', '2020-04-26 15-43-03', '2020-04-26 15-56-43', '2020-04-26 16-01-50', '2020-04-26 16-05-10', '2020-04-26 16-06-13', '2020-04-26 19-21-44', '2020-04-26 19-26-27', '2020-04-26 19-27-08', '2020-04-26 19-31-32', '2020-04-26 19-31-58', '2020-04-28 16-21-38', '2020-10-14 17-37-22', '2020-10-14 18-13-43', '2020-10-14 19-20-13', '2020-10-15 11-03-03', '2020-11-05 16-54-29']
2020-11-05 19:23:19,652 DEBUG: ['Sheet', '2020-04-22 11-13-56', '2020-04-22 11-26-37', '2020-04-26 15-43-03', '2020-04-26 15-56-43', '2020-04-26 16-01-50', '2020-04-26 16-05-10', '2020-04-26 16-06-13', '2020-04-26 19-21-44', '2020-04-26 19-26-27', '2020-04-26 19-27-08', '2020-04-26 19-31-32', '2020-04-26 19-31-58', '2020-04-28 16-21-38', '2020-10-14 17-37-22', '2020-10-14 18-13-43', '2020-10-14 19-20-13', '2020-10-15 11-03-03', '2020-11-05 16-54-29']
